[Thread3]2022-11-17 01:30:15>>Schedule Loaded!
[Thread3]2022-11-17 01:30:15>>DBの圧縮を開始します。
[Thread3]2022-11-17 01:30:15>>DBバックアップ処理を開始します。
[Thread7]2022-11-17 01:30:16>>.\resources\db\AppSchd.db_bk03を削除しました。
[Thread7]2022-11-17 01:30:16>>.\resources\db\AppSchd.db_bk03を作成しました。
.\resources\db\AppSchd.db_bk02を削除しました。
[Thread7]2022-11-17 01:30:16>>.\resources\db\AppSchd.db_bk02を作成しました。
.\resources\db\AppSchd.db_bk01を削除しました。
[Thread7]2022-11-17 01:30:16>>.\resources\db\AppSchd.db_bk01を作成しました。
[Thread3]2022-11-17 01:30:46>>Schedule Loaded!
[Thread3]2022-11-17 01:30:47>>DBの圧縮を開始します。
[Thread3]2022-11-17 01:30:47>>DBバックアップ処理を開始します。
[Thread3]2022-11-17 01:30:47>>.\resources\db\AppSchd.db_bk03を削除しました。
[Thread3]2022-11-17 01:30:47>>.\resources\db\AppSchd.db_bk03を作成しました。
.\resources\db\AppSchd.db_bk02を削除しました。
[Thread3]2022-11-17 01:30:47>>.\resources\db\AppSchd.db_bk02を作成しました。
.\resources\db\AppSchd.db_bk01を削除しました。
[Thread3]2022-11-17 01:30:47>>.\resources\db\AppSchd.db_bk01を作成しました。
[Thread3]2022-11-17 01:34:00>>Schedule Loaded!
[Thread3]2022-11-17 01:34:00>>DBの圧縮を開始します。
[Thread3]2022-11-17 01:34:00>>DBバックアップ処理を開始します。
[Thread6]2022-11-17 01:34:01>>.\resources\db\AppSchd.db_bk03を削除しました。
[Thread6]2022-11-17 01:34:01>>.\resources\db\AppSchd.db_bk03を作成しました。
.\resources\db\AppSchd.db_bk02を削除しました。
[Thread6]2022-11-17 01:34:01>>.\resources\db\AppSchd.db_bk02を作成しました。
.\resources\db\AppSchd.db_bk01を削除しました。
[Thread6]2022-11-17 01:34:01>>.\resources\db\AppSchd.db_bk01を作成しました。
[Thread3]2022-11-17 01:34:59>>Schedule Loaded!
[Thread6]2022-11-17 01:34:59>>DBの圧縮を開始します。
[Thread6]2022-11-17 01:34:59>>DBバックアップ処理を開始します。
[Thread6]2022-11-17 01:34:59>>.\resources\db\AppSchd.db_bk03を削除しました。
[Thread6]2022-11-17 01:34:59>>.\resources\db\AppSchd.db_bk03を作成しました。
.\resources\db\AppSchd.db_bk02を削除しました。
[Thread6]2022-11-17 01:34:59>>.\resources\db\AppSchd.db_bk02を作成しました。
.\resources\db\AppSchd.db_bk01を削除しました。
[Thread6]2022-11-17 01:34:59>>.\resources\db\AppSchd.db_bk01を作成しました。
[Thread3]2022-11-17 01:36:01>>Schedule Loaded!
[Thread5]2022-11-17 01:36:02>>DBの圧縮を開始します。
[Thread5]2022-11-17 01:36:02>>DBバックアップ処理を開始します。
[Thread5]2022-11-17 01:36:02>>.\resources\db\AppSchd.db_bk03を削除しました。
[Thread5]2022-11-17 01:36:02>>.\resources\db\AppSchd.db_bk03を作成しました。
.\resources\db\AppSchd.db_bk02を削除しました。
[Thread5]2022-11-17 01:36:02>>.\resources\db\AppSchd.db_bk02を作成しました。
.\resources\db\AppSchd.db_bk01を削除しました。
[Thread5]2022-11-17 01:36:02>>.\resources\db\AppSchd.db_bk01を作成しました。
[Thread3]2022-11-17 01:37:40>>Schedule Loaded!
[Thread3]2022-11-17 01:37:40>>DBの圧縮を開始します。
[Thread3]2022-11-17 01:37:40>>DBバックアップ処理を開始します。
[Thread3]2022-11-17 01:37:40>>.\resources\db\AppSchd.db_bk03を削除しました。
[Thread3]2022-11-17 01:37:40>>.\resources\db\AppSchd.db_bk03を作成しました。
.\resources\db\AppSchd.db_bk02を削除しました。
[Thread7]2022-11-17 01:37:40>>.\resources\db\AppSchd.db_bk02を作成しました。
.\resources\db\AppSchd.db_bk01を削除しました。
[Thread7]2022-11-17 01:37:40>>.\resources\db\AppSchd.db_bk01を作成しました。
[Thread3]2022-11-17 01:37:45>>ToDo Clicked!
[Thread3]2022-11-17 01:37:45>>ToDo Loaded!
[Thread3]2022-11-17 01:38:09>>Schedule Loaded!
[Thread3]2022-11-17 01:38:09>>DBの圧縮を開始します。
[Thread3]2022-11-17 01:38:09>>DBバックアップ処理を開始します。
[Thread3]2022-11-17 01:38:09>>.\resources\db\AppSchd.db_bk03を削除しました。
[Thread3]2022-11-17 01:38:09>>.\resources\db\AppSchd.db_bk03を作成しました。
.\resources\db\AppSchd.db_bk02を削除しました。
[Thread3]2022-11-17 01:38:09>>.\resources\db\AppSchd.db_bk02を作成しました。
.\resources\db\AppSchd.db_bk01を削除しました。
[Thread3]2022-11-17 01:38:09>>.\resources\db\AppSchd.db_bk01を作成しました。
[Thread3]2022-11-17 01:38:13>>ToDo Clicked!
[Thread3]2022-11-17 01:38:13>>ToDo Loaded!
[Thread3]2022-11-17 01:39:38>>Schedule Loaded!
[Thread3]2022-11-17 01:39:38>>DBの圧縮を開始します。
[Thread3]2022-11-17 01:39:38>>DBバックアップ処理を開始します。
[Thread3]2022-11-17 01:39:38>>.\resources\db\AppSchd.db_bk03を削除しました。
[Thread3]2022-11-17 01:39:38>>.\resources\db\AppSchd.db_bk03を作成しました。
.\resources\db\AppSchd.db_bk02を削除しました。
[Thread3]2022-11-17 01:39:38>>.\resources\db\AppSchd.db_bk02を作成しました。
.\resources\db\AppSchd.db_bk01を削除しました。
[Thread3]2022-11-17 01:39:38>>.\resources\db\AppSchd.db_bk01を作成しました。
[Thread6]2022-11-17 01:39:39>>ToDo Clicked!
[Thread6]2022-11-17 01:39:39>>ToDo Loaded!
[Thread3]2022-11-17 01:39:42>>Note Clicked!
[Thread3]2022-11-17 01:39:42>>Note Loaded!
[Thread3]2022-11-17 01:39:42>>Analysis Clicked!
[Thread3]2022-11-17 01:39:42>>Analysis Loaded!
[Thread3]2022-11-17 01:39:46>>Note Clicked!
[Thread3]2022-11-17 01:39:46>>Note Loaded!
[Thread3]2022-11-17 01:39:48>>ToDo Clicked!
[Thread3]2022-11-17 01:39:48>>ToDo Loaded!
[Thread3]2022-11-17 01:39:48>>Note Clicked!
[Thread3]2022-11-17 01:39:48>>Note Loaded!
[Thread6]2022-11-17 01:39:49>>ToDo Clicked!
[Thread6]2022-11-17 01:39:49>>ToDo Loaded!
[Thread3]2022-11-17 01:39:58>>Schedule Clicked!
[Thread3]2022-11-17 01:39:58>>Schedule Loaded!
[Thread7]2022-11-17 01:39:59>>ToDo Clicked!
[Thread7]2022-11-17 01:39:59>>ToDo Loaded!
[Thread7]2022-11-17 01:39:59>>Note Clicked!
[Thread7]2022-11-17 01:39:59>>Note Loaded!
[Thread4]2022-11-17 01:40:00>>Analysis Clicked!
[Thread4]2022-11-17 01:40:00>>Analysis Loaded!
[Thread5]2022-11-17 01:40:01>>Bin Clicked!
[Thread5]2022-11-17 01:40:01>>Bin Loaded!
[Thread5]2022-11-17 01:40:01>>Analysis Clicked!
[Thread5]2022-11-17 01:40:01>>Analysis Loaded!
[Thread4]2022-11-17 01:40:01>>Note Clicked!
[Thread4]2022-11-17 01:40:01>>Note Loaded!
[Thread5]2022-11-17 01:40:02>>ToDo Clicked!
[Thread5]2022-11-17 01:40:02>>ToDo Loaded!
[Thread5]2022-11-17 01:40:02>>Schedule Clicked!
[Thread5]2022-11-17 01:40:02>>Schedule Loaded!
[Thread3]2022-11-17 01:40:03>>ToDo Clicked!
[Thread3]2022-11-17 01:40:03>>ToDo Loaded!
[Thread3]2022-11-17 01:40:06>>Schedule Clicked!
[Thread3]2022-11-17 01:40:06>>Schedule Loaded!
