[Thread4]2022-09-23 12:38:31>>2022/09/22 10:00:00||2022/09/22 22:00:00||2022/09/22 11:00:00||2022/09/22 23:30:00||True
[Thread4]2022-09-23 12:38:31>>2022/09/22 10:00:00||2022/09/22 22:00:00||2022/09/22 11:00:00||2022/09/22 23:30:00||False
[Thread3]2022-09-23 12:40:41>>Schedule Loaded!
[Thread4]2022-09-23 12:40:41>>DBの圧縮を開始します。
[Thread4]2022-09-23 12:40:41>>DBバックアップ処理を開始します。
[Thread4]2022-09-23 12:40:41>>.\resources\db\AppSchd.db_bk03を削除しました。
[Thread4]2022-09-23 12:40:41>>.\resources\db\AppSchd.db_bk03を作成しました。
.\resources\db\AppSchd.db_bk02を削除しました。
[Thread4]2022-09-23 12:40:41>>.\resources\db\AppSchd.db_bk02を作成しました。
.\resources\db\AppSchd.db_bk01を削除しました。
[Thread4]2022-09-23 12:40:41>>.\resources\db\AppSchd.db_bk01を作成しました。
[Thread4]2022-09-23 12:40:53>>2022/09/22 10:00:00||2022/09/22 22:00:00||2022/09/22 20:29:00||2022/09/22 23:30:00||True
[Thread4]2022-09-23 12:41:11>>2022/09/22 22:01:00||2022/09/22 22:00:00||2022/09/22 22:30:00||2022/09/22 23:30:00||False
[Thread4]2022-09-23 12:41:12>>2022/09/22 22:01:00||2022/09/22 22:00:00||2022/09/22 22:30:00||2022/09/22 23:30:00||False
[Thread4]2022-09-23 12:41:12>>2022/09/22 22:01:00||2022/09/22 22:00:00||2022/09/22 22:30:00||2022/09/22 23:30:00||False
[Thread4]2022-09-23 12:41:12>>2022/09/22 22:01:00||2022/09/22 22:00:00||2022/09/22 22:30:00||2022/09/22 23:30:00||False
[Thread4]2022-09-23 12:41:24>>2022/09/22 23:31:00||2022/09/22 22:00:00||2022/09/22 23:32:00||2022/09/22 23:30:00||True
[Thread3]2022-09-23 12:42:53>>Schedule Loaded!
[Thread3]2022-09-23 12:42:53>>DBの圧縮を開始します。
[Thread3]2022-09-23 12:42:53>>DBバックアップ処理を開始します。
[Thread3]2022-09-23 12:42:53>>.\resources\db\AppSchd.db_bk03を削除しました。
[Thread3]2022-09-23 12:42:53>>.\resources\db\AppSchd.db_bk03を作成しました。
.\resources\db\AppSchd.db_bk02を削除しました。
[Thread3]2022-09-23 12:42:53>>.\resources\db\AppSchd.db_bk02を作成しました。
.\resources\db\AppSchd.db_bk01を削除しました。
[Thread3]2022-09-23 12:42:53>>.\resources\db\AppSchd.db_bk01を作成しました。
