[Thread3]2022-09-23 12:38:31>>SQLCODE：SQLSchedule0005
SQL：SELECT SCHEDULESTARTTIME,SCHEDULEENDTIME FROM T_SCHEDULE WHERE SCHEDULEID != @SCHEDULEID AND SCHEDULEDATE=@SCHEDULEDATE
PARAMETER0：@SCHEDULEID
VALUE0：
PARAMETER1：@SCHEDULEDATE
VALUE1：2022-09-22
RESULT：**SUCCESS**
[Thread5]2022-09-23 12:40:41>>SQLCODE：SQLSchedule0004
SQL：SELECT SCHEDULEID,GOALNAME,PLANNAME,PRIORSUBNAME,PRIORNAME,STATUSNAME,SCHEDULESTARTTIME,SCHEDULEENDTIME,SCHEDULEHOURS,SCHEDULELOCATION,SCHEDULEHEIGHT FROM T_SCHEDULE INNER JOIN T_PLAN USING(PLANID) INNER JOIN T_GOAL USING(GOALID) INNER JOIN T_STATUS USING(STATUSID) INNER JOIN T_PRIOR USING(PRIORID) LEFT OUTER JOIN(SELECT SCHEDULEID,'！' AS ALERTSTATUS FROM T_SCHEDULE WHERE STATUSID in (1,2) AND SCHEDULEENDTIME<datetime(strftime('%s', 'now'), 'unixepoch', 'localtime')) USING(SCHEDULEID) WHERE SCHEDULEVISIBLESTATUS=1 AND SCHEDULEDATE LIKE @SCHEDULEDATE ORDER BY SCHEDULEDATE DESC,SCHEDULESTARTTIME
PARAMETER0：@SCHEDULEDATE
VALUE0：2022-09-23%
RESULT：**SUCCESS**
[Thread5]2022-09-23 12:40:41>>SQLCODE：SQLSchedule0000
SQL：SELECT SCHEDULEID,GOALNAME,PLANNAME,STATUSNAME,SCHEDULESTARTTIME,SCHEDULEENDTIME,SCHEDULEHOURS,SCHEDULEUPDATEDATE,ALERTSTATUS FROM T_SCHEDULE INNER JOIN T_PLAN USING(PLANID) INNER JOIN T_GOAL USING(GOALID) INNER JOIN T_STATUS USING(STATUSID) INNER JOIN T_PRIOR USING(PRIORID) LEFT OUTER JOIN(SELECT SCHEDULEID,'！' AS ALERTSTATUS FROM T_SCHEDULE WHERE STATUSID in (1,2) AND SCHEDULEENDTIME<datetime(strftime('%s', 'now'), 'unixepoch', 'localtime')) USING(SCHEDULEID) WHERE SCHEDULEVISIBLESTATUS=1 AND SCHEDULEDATE LIKE @SCHEDULEDATE ORDER BY SCHEDULESTARTTIME LIMIT 50
PARAMETER0：@SCHEDULEDATE
VALUE0：2022-09-23%
RESULT：**SUCCESS**
[Thread5]2022-09-23 12:40:41>>SQLCODE：***Backup***
SQL：VACUUM
RESULT：**SUCCESS**
[Thread3]2022-09-23 12:40:45>>SQLCODE：***Schedule***
SQL：SELECT GOALID,GOALNAME FROM T_GOAL WHERE GOALVISIBLESTATUS=1 ORDER BY GOALNAME,GOALUPDATEDATE DESC
RESULT：**SUCCESS**
[Thread3]2022-09-23 12:40:45>>SQLCODE：***Schedule***
SQL：SELECT PLANID,PLANNAME FROM T_PLAN WHERE GOALID=@GOALID AND PLANVISIBLESTATUS=1 ORDER BY PRIORID ASC,STATUSID ASC,PLANENDDATE ASC,PLANNAME,PLANUPDATEDATE DESC
PARAMETER0：@GOALID
VALUE0：3
RESULT：**SUCCESS**
[Thread3]2022-09-23 12:40:45>>SQLCODE：SQLSchedule0003
SQL：SELECT GOALNAME,PLANNAME,SCHEDULEDATE,SCHEDULESTARTTIME,SCHEDULEENDTIME FROM T_SCHEDULE INNER JOIN T_PLAN USING(PLANID) INNER JOIN T_GOAL USING(GOALID) WHERE SCHEDULEID=@SCHEDULEID
PARAMETER0：@SCHEDULEID
VALUE0：336
RESULT：**SUCCESS**
[Thread3]2022-09-23 12:40:53>>SQLCODE：SQLSchedule0005
SQL：SELECT SCHEDULESTARTTIME,SCHEDULEENDTIME FROM T_SCHEDULE WHERE SCHEDULEID != @SCHEDULEID AND SCHEDULEDATE=@SCHEDULEDATE
PARAMETER0：@SCHEDULEID
VALUE0：336
PARAMETER1：@SCHEDULEDATE
VALUE1：2022-09-22
RESULT：**SUCCESS**
[Thread3]2022-09-23 12:40:53>>SQLCODE：SQLSchedule0020
SQL：UPDATE T_SCHEDULE SET PLANID=@PLANID,SCHEDULEDATE=@SCHEDULEDATE,SCHEDULESTARTTIME=@SCHEDULESTARTTIME,SCHEDULEENDTIME=@SCHEDULEENDTIME,SCHEDULEHOURS=round(cast((strftime('%s', @SCHEDULEENDTIME) - strftime('%s', @SCHEDULESTARTTIME)) as REAL)/ 3600,2),SCHEDULELOCATION=@SCHEDULELOCATION,SCHEDULEHEIGHT=@SCHEDULEHEIGHT,SCHEDULEUPDATEDATE=datetime(strftime('%s', 'now'), 'unixepoch', 'localtime') WHERE SCHEDULEID=@SCHEDULEID
PARAMETER0：@PLANID
VALUE0：24
PARAMETER1：@SCHEDULEDATE
VALUE1：2022-09-22
PARAMETER2：@SCHEDULESTARTTIME
VALUE2：2022-09-22 10:00:00
PARAMETER3：@SCHEDULEENDTIME
VALUE3：2022-09-22 20:29:00
PARAMETER4：@SCHEDULELOCATION
VALUE4：600
PARAMETER5：@SCHEDULEHEIGHT
VALUE5：629
PARAMETER6：@SCHEDULEID
VALUE6：336
RESULT：**SUCCESS**
[Thread3]2022-09-23 12:40:53>>SQLCODE：SQLSchedule0004
SQL：SELECT SCHEDULEID,GOALNAME,PLANNAME,PRIORSUBNAME,PRIORNAME,STATUSNAME,SCHEDULESTARTTIME,SCHEDULEENDTIME,SCHEDULEHOURS,SCHEDULELOCATION,SCHEDULEHEIGHT FROM T_SCHEDULE INNER JOIN T_PLAN USING(PLANID) INNER JOIN T_GOAL USING(GOALID) INNER JOIN T_STATUS USING(STATUSID) INNER JOIN T_PRIOR USING(PRIORID) LEFT OUTER JOIN(SELECT SCHEDULEID,'！' AS ALERTSTATUS FROM T_SCHEDULE WHERE STATUSID in (1,2) AND SCHEDULEENDTIME<datetime(strftime('%s', 'now'), 'unixepoch', 'localtime')) USING(SCHEDULEID) WHERE SCHEDULEVISIBLESTATUS=1 AND SCHEDULEDATE LIKE @SCHEDULEDATE ORDER BY SCHEDULEDATE DESC,SCHEDULESTARTTIME
PARAMETER0：@SCHEDULEDATE
VALUE0：2022-09-23%
RESULT：**SUCCESS**
[Thread3]2022-09-23 12:40:53>>SQLCODE：SQLSchedule0000
SQL：SELECT SCHEDULEID,GOALNAME,PLANNAME,STATUSNAME,SCHEDULESTARTTIME,SCHEDULEENDTIME,SCHEDULEHOURS,SCHEDULEUPDATEDATE,ALERTSTATUS FROM T_SCHEDULE INNER JOIN T_PLAN USING(PLANID) INNER JOIN T_GOAL USING(GOALID) INNER JOIN T_STATUS USING(STATUSID) INNER JOIN T_PRIOR USING(PRIORID) LEFT OUTER JOIN(SELECT SCHEDULEID,'！' AS ALERTSTATUS FROM T_SCHEDULE WHERE STATUSID in (1,2) AND SCHEDULEENDTIME<datetime(strftime('%s', 'now'), 'unixepoch', 'localtime')) USING(SCHEDULEID) WHERE SCHEDULEVISIBLESTATUS=1 AND SCHEDULEDATE LIKE @SCHEDULEDATE ORDER BY SCHEDULESTARTTIME LIMIT 50
PARAMETER0：@SCHEDULEDATE
VALUE0：2022-09-23%
RESULT：**SUCCESS**
[Thread3]2022-09-23 12:40:57>>SQLCODE：SQLSchedule0004
SQL：SELECT SCHEDULEID,GOALNAME,PLANNAME,PRIORSUBNAME,PRIORNAME,STATUSNAME,SCHEDULESTARTTIME,SCHEDULEENDTIME,SCHEDULEHOURS,SCHEDULELOCATION,SCHEDULEHEIGHT FROM T_SCHEDULE INNER JOIN T_PLAN USING(PLANID) INNER JOIN T_GOAL USING(GOALID) INNER JOIN T_STATUS USING(STATUSID) INNER JOIN T_PRIOR USING(PRIORID) LEFT OUTER JOIN(SELECT SCHEDULEID,'！' AS ALERTSTATUS FROM T_SCHEDULE WHERE STATUSID in (1,2) AND SCHEDULEENDTIME<datetime(strftime('%s', 'now'), 'unixepoch', 'localtime')) USING(SCHEDULEID) WHERE SCHEDULEVISIBLESTATUS=1 AND SCHEDULEDATE LIKE @SCHEDULEDATE ORDER BY SCHEDULEDATE DESC,SCHEDULESTARTTIME
PARAMETER0：@SCHEDULEDATE
VALUE0：2022-09-22%
RESULT：**SUCCESS**
[Thread3]2022-09-23 12:40:57>>SQLCODE：SQLSchedule0000
SQL：SELECT SCHEDULEID,GOALNAME,PLANNAME,STATUSNAME,SCHEDULESTARTTIME,SCHEDULEENDTIME,SCHEDULEHOURS,SCHEDULEUPDATEDATE,ALERTSTATUS FROM T_SCHEDULE INNER JOIN T_PLAN USING(PLANID) INNER JOIN T_GOAL USING(GOALID) INNER JOIN T_STATUS USING(STATUSID) INNER JOIN T_PRIOR USING(PRIORID) LEFT OUTER JOIN(SELECT SCHEDULEID,'！' AS ALERTSTATUS FROM T_SCHEDULE WHERE STATUSID in (1,2) AND SCHEDULEENDTIME<datetime(strftime('%s', 'now'), 'unixepoch', 'localtime')) USING(SCHEDULEID) WHERE SCHEDULEVISIBLESTATUS=1 AND SCHEDULEDATE LIKE @SCHEDULEDATE ORDER BY SCHEDULESTARTTIME LIMIT 50
PARAMETER0：@SCHEDULEDATE
VALUE0：2022-09-22%
RESULT：**SUCCESS**
[Thread3]2022-09-23 12:41:02>>SQLCODE：***Schedule***
SQL：SELECT GOALID,GOALNAME FROM T_GOAL WHERE GOALVISIBLESTATUS=1 ORDER BY GOALNAME,GOALUPDATEDATE DESC
RESULT：**SUCCESS**
[Thread3]2022-09-23 12:41:02>>SQLCODE：***Schedule***
SQL：SELECT PLANID,PLANNAME FROM T_PLAN WHERE GOALID=@GOALID AND PLANVISIBLESTATUS=1 ORDER BY PRIORID ASC,STATUSID ASC,PLANENDDATE ASC,PLANNAME,PLANUPDATEDATE DESC
PARAMETER0：@GOALID
VALUE0：3
RESULT：**SUCCESS**
[Thread3]2022-09-23 12:41:02>>SQLCODE：SQLSchedule0003
SQL：SELECT GOALNAME,PLANNAME,SCHEDULEDATE,SCHEDULESTARTTIME,SCHEDULEENDTIME FROM T_SCHEDULE INNER JOIN T_PLAN USING(PLANID) INNER JOIN T_GOAL USING(GOALID) WHERE SCHEDULEID=@SCHEDULEID
PARAMETER0：@SCHEDULEID
VALUE0：336
RESULT：**SUCCESS**
[Thread3]2022-09-23 12:41:11>>SQLCODE：SQLSchedule0005
SQL：SELECT SCHEDULESTARTTIME,SCHEDULEENDTIME FROM T_SCHEDULE WHERE SCHEDULEID != @SCHEDULEID AND SCHEDULEDATE=@SCHEDULEDATE
PARAMETER0：@SCHEDULEID
VALUE0：336
PARAMETER1：@SCHEDULEDATE
VALUE1：2022-09-22
RESULT：**SUCCESS**
[Thread3]2022-09-23 12:41:12>>SQLCODE：SQLSchedule0005
SQL：SELECT SCHEDULESTARTTIME,SCHEDULEENDTIME FROM T_SCHEDULE WHERE SCHEDULEID != @SCHEDULEID AND SCHEDULEDATE=@SCHEDULEDATE
PARAMETER0：@SCHEDULEID
VALUE0：336
PARAMETER1：@SCHEDULEDATE
VALUE1：2022-09-22
RESULT：**SUCCESS**
[Thread3]2022-09-23 12:41:12>>SQLCODE：SQLSchedule0005
SQL：SELECT SCHEDULESTARTTIME,SCHEDULEENDTIME FROM T_SCHEDULE WHERE SCHEDULEID != @SCHEDULEID AND SCHEDULEDATE=@SCHEDULEDATE
PARAMETER0：@SCHEDULEID
VALUE0：336
PARAMETER1：@SCHEDULEDATE
VALUE1：2022-09-22
RESULT：**SUCCESS**
[Thread3]2022-09-23 12:41:12>>SQLCODE：SQLSchedule0005
SQL：SELECT SCHEDULESTARTTIME,SCHEDULEENDTIME FROM T_SCHEDULE WHERE SCHEDULEID != @SCHEDULEID AND SCHEDULEDATE=@SCHEDULEDATE
PARAMETER0：@SCHEDULEID
VALUE0：336
PARAMETER1：@SCHEDULEDATE
VALUE1：2022-09-22
RESULT：**SUCCESS**
[Thread3]2022-09-23 12:41:24>>SQLCODE：SQLSchedule0005
SQL：SELECT SCHEDULESTARTTIME,SCHEDULEENDTIME FROM T_SCHEDULE WHERE SCHEDULEID != @SCHEDULEID AND SCHEDULEDATE=@SCHEDULEDATE
PARAMETER0：@SCHEDULEID
VALUE0：336
PARAMETER1：@SCHEDULEDATE
VALUE1：2022-09-22
RESULT：**SUCCESS**
[Thread3]2022-09-23 12:41:24>>SQLCODE：SQLSchedule0020
SQL：UPDATE T_SCHEDULE SET PLANID=@PLANID,SCHEDULEDATE=@SCHEDULEDATE,SCHEDULESTARTTIME=@SCHEDULESTARTTIME,SCHEDULEENDTIME=@SCHEDULEENDTIME,SCHEDULEHOURS=round(cast((strftime('%s', @SCHEDULEENDTIME) - strftime('%s', @SCHEDULESTARTTIME)) as REAL)/ 3600,2),SCHEDULELOCATION=@SCHEDULELOCATION,SCHEDULEHEIGHT=@SCHEDULEHEIGHT,SCHEDULEUPDATEDATE=datetime(strftime('%s', 'now'), 'unixepoch', 'localtime') WHERE SCHEDULEID=@SCHEDULEID
PARAMETER0：@PLANID
VALUE0：24
PARAMETER1：@SCHEDULEDATE
VALUE1：2022-09-22
PARAMETER2：@SCHEDULESTARTTIME
VALUE2：2022-09-22 23:31:00
PARAMETER3：@SCHEDULEENDTIME
VALUE3：2022-09-22 23:32:00
PARAMETER4：@SCHEDULELOCATION
VALUE4：1411
PARAMETER5：@SCHEDULEHEIGHT
VALUE5：1
PARAMETER6：@SCHEDULEID
VALUE6：336
RESULT：**SUCCESS**
[Thread3]2022-09-23 12:41:24>>SQLCODE：SQLSchedule0004
SQL：SELECT SCHEDULEID,GOALNAME,PLANNAME,PRIORSUBNAME,PRIORNAME,STATUSNAME,SCHEDULESTARTTIME,SCHEDULEENDTIME,SCHEDULEHOURS,SCHEDULELOCATION,SCHEDULEHEIGHT FROM T_SCHEDULE INNER JOIN T_PLAN USING(PLANID) INNER JOIN T_GOAL USING(GOALID) INNER JOIN T_STATUS USING(STATUSID) INNER JOIN T_PRIOR USING(PRIORID) LEFT OUTER JOIN(SELECT SCHEDULEID,'！' AS ALERTSTATUS FROM T_SCHEDULE WHERE STATUSID in (1,2) AND SCHEDULEENDTIME<datetime(strftime('%s', 'now'), 'unixepoch', 'localtime')) USING(SCHEDULEID) WHERE SCHEDULEVISIBLESTATUS=1 AND SCHEDULEDATE LIKE @SCHEDULEDATE ORDER BY SCHEDULEDATE DESC,SCHEDULESTARTTIME
PARAMETER0：@SCHEDULEDATE
VALUE0：2022-09-22%
RESULT：**SUCCESS**
[Thread3]2022-09-23 12:41:24>>SQLCODE：SQLSchedule0000
SQL：SELECT SCHEDULEID,GOALNAME,PLANNAME,STATUSNAME,SCHEDULESTARTTIME,SCHEDULEENDTIME,SCHEDULEHOURS,SCHEDULEUPDATEDATE,ALERTSTATUS FROM T_SCHEDULE INNER JOIN T_PLAN USING(PLANID) INNER JOIN T_GOAL USING(GOALID) INNER JOIN T_STATUS USING(STATUSID) INNER JOIN T_PRIOR USING(PRIORID) LEFT OUTER JOIN(SELECT SCHEDULEID,'！' AS ALERTSTATUS FROM T_SCHEDULE WHERE STATUSID in (1,2) AND SCHEDULEENDTIME<datetime(strftime('%s', 'now'), 'unixepoch', 'localtime')) USING(SCHEDULEID) WHERE SCHEDULEVISIBLESTATUS=1 AND SCHEDULEDATE LIKE @SCHEDULEDATE ORDER BY SCHEDULESTARTTIME LIMIT 50
PARAMETER0：@SCHEDULEDATE
VALUE0：2022-09-22%
RESULT：**SUCCESS**
[Thread5]2022-09-23 12:42:53>>SQLCODE：SQLSchedule0004
SQL：SELECT SCHEDULEID,GOALNAME,PLANNAME,PRIORSUBNAME,PRIORNAME,STATUSNAME,SCHEDULESTARTTIME,SCHEDULEENDTIME,SCHEDULEHOURS,SCHEDULELOCATION,SCHEDULEHEIGHT FROM T_SCHEDULE INNER JOIN T_PLAN USING(PLANID) INNER JOIN T_GOAL USING(GOALID) INNER JOIN T_STATUS USING(STATUSID) INNER JOIN T_PRIOR USING(PRIORID) LEFT OUTER JOIN(SELECT SCHEDULEID,'！' AS ALERTSTATUS FROM T_SCHEDULE WHERE STATUSID in (1,2) AND SCHEDULEENDTIME<datetime(strftime('%s', 'now'), 'unixepoch', 'localtime')) USING(SCHEDULEID) WHERE SCHEDULEVISIBLESTATUS=1 AND SCHEDULEDATE LIKE @SCHEDULEDATE ORDER BY SCHEDULEDATE DESC,SCHEDULESTARTTIME
PARAMETER0：@SCHEDULEDATE
VALUE0：2022-09-23%
RESULT：**SUCCESS**
[Thread5]2022-09-23 12:42:53>>SQLCODE：SQLSchedule0000
SQL：SELECT SCHEDULEID,GOALNAME,PLANNAME,STATUSNAME,SCHEDULESTARTTIME,SCHEDULEENDTIME,SCHEDULEHOURS,SCHEDULEUPDATEDATE,ALERTSTATUS FROM T_SCHEDULE INNER JOIN T_PLAN USING(PLANID) INNER JOIN T_GOAL USING(GOALID) INNER JOIN T_STATUS USING(STATUSID) INNER JOIN T_PRIOR USING(PRIORID) LEFT OUTER JOIN(SELECT SCHEDULEID,'！' AS ALERTSTATUS FROM T_SCHEDULE WHERE STATUSID in (1,2) AND SCHEDULEENDTIME<datetime(strftime('%s', 'now'), 'unixepoch', 'localtime')) USING(SCHEDULEID) WHERE SCHEDULEVISIBLESTATUS=1 AND SCHEDULEDATE LIKE @SCHEDULEDATE ORDER BY SCHEDULESTARTTIME LIMIT 50
PARAMETER0：@SCHEDULEDATE
VALUE0：2022-09-23%
RESULT：**SUCCESS**
[Thread5]2022-09-23 12:42:53>>SQLCODE：***Backup***
SQL：VACUUM
RESULT：**SUCCESS**
[Thread3]2022-09-23 12:43:12>>SQLCODE：***Schedule***
SQL：SELECT GOALID,GOALNAME FROM T_GOAL WHERE GOALVISIBLESTATUS=1 ORDER BY GOALNAME,GOALUPDATEDATE DESC
RESULT：**SUCCESS**
[Thread3]2022-09-23 12:43:12>>SQLCODE：***Schedule***
SQL：SELECT PLANID,PLANNAME FROM T_PLAN WHERE GOALID=@GOALID AND PLANVISIBLESTATUS=1 ORDER BY PRIORID ASC,STATUSID ASC,PLANENDDATE ASC,PLANNAME,PLANUPDATEDATE DESC
PARAMETER0：@GOALID
VALUE0：3
RESULT：**SUCCESS**
[Thread3]2022-09-23 12:43:12>>SQLCODE：SQLSchedule0001
SQL：SELECT SCHEDULEID,GOALNAME,PLANNAME,STATUSNAME,SCHEDULEDATE,SCHEDULESTARTTIME,SCHEDULEENDTIME,SCHEDULEHOURS,SCHEDULEUPDATEDATE,ALERTSTATUS FROM T_SCHEDULE INNER JOIN T_PLAN USING(PLANID) INNER JOIN T_GOAL USING(GOALID) INNER JOIN T_STATUS USING(STATUSID) INNER JOIN T_PRIOR USING(PRIORID) LEFT OUTER JOIN(SELECT SCHEDULEID,'！' AS ALERTSTATUS FROM T_SCHEDULE WHERE STATUSID in (1,2) AND SCHEDULEENDTIME<datetime(strftime('%s', 'now'), 'unixepoch', 'localtime')) USING(SCHEDULEID) WHERE SCHEDULEVISIBLESTATUS=1 ORDER BY SCHEDULEDATE DESC,SCHEDULESTARTTIME LIMIT 50
RESULT：**SUCCESS**
[Thread3]2022-09-23 12:43:16>>SQLCODE：SQLSchedule0003
SQL：SELECT GOALNAME,PLANNAME,SCHEDULEDATE,SCHEDULESTARTTIME,SCHEDULEENDTIME FROM T_SCHEDULE INNER JOIN T_PLAN USING(PLANID) INNER JOIN T_GOAL USING(GOALID) WHERE SCHEDULEID=@SCHEDULEID
PARAMETER0：@SCHEDULEID
VALUE0：336
RESULT：**SUCCESS**
[Thread3]2022-09-23 12:43:18>>SQLCODE：SQLSchedule0005
SQL：SELECT SCHEDULESTARTTIME,SCHEDULEENDTIME FROM T_SCHEDULE WHERE SCHEDULEID != @SCHEDULEID AND SCHEDULEDATE=@SCHEDULEDATE
PARAMETER0：@SCHEDULEID
VALUE0：336
PARAMETER1：@SCHEDULEDATE
VALUE1：2022-09-22
RESULT：**SUCCESS**
[Thread3]2022-09-23 12:43:18>>SQLCODE：SQLSchedule0020
SQL：UPDATE T_SCHEDULE SET PLANID=@PLANID,SCHEDULEDATE=@SCHEDULEDATE,SCHEDULESTARTTIME=@SCHEDULESTARTTIME,SCHEDULEENDTIME=@SCHEDULEENDTIME,SCHEDULEHOURS=round(cast((strftime('%s', @SCHEDULEENDTIME) - strftime('%s', @SCHEDULESTARTTIME)) as REAL)/ 3600,2),SCHEDULELOCATION=@SCHEDULELOCATION,SCHEDULEHEIGHT=@SCHEDULEHEIGHT,SCHEDULEUPDATEDATE=datetime(strftime('%s', 'now'), 'unixepoch', 'localtime') WHERE SCHEDULEID=@SCHEDULEID
PARAMETER0：@PLANID
VALUE0：24
PARAMETER1：@SCHEDULEDATE
VALUE1：2022-09-22
PARAMETER2：@SCHEDULESTARTTIME
VALUE2：2022-09-22 23:31:00
PARAMETER3：@SCHEDULEENDTIME
VALUE3：2022-09-22 23:32:00
PARAMETER4：@SCHEDULELOCATION
VALUE4：1411
PARAMETER5：@SCHEDULEHEIGHT
VALUE5：1
PARAMETER6：@SCHEDULEID
VALUE6：336
RESULT：**SUCCESS**
[Thread3]2022-09-23 12:43:18>>SQLCODE：SQLSchedule0001
SQL：SELECT SCHEDULEID,GOALNAME,PLANNAME,STATUSNAME,SCHEDULEDATE,SCHEDULESTARTTIME,SCHEDULEENDTIME,SCHEDULEHOURS,SCHEDULEUPDATEDATE,ALERTSTATUS FROM T_SCHEDULE INNER JOIN T_PLAN USING(PLANID) INNER JOIN T_GOAL USING(GOALID) INNER JOIN T_STATUS USING(STATUSID) INNER JOIN T_PRIOR USING(PRIORID) LEFT OUTER JOIN(SELECT SCHEDULEID,'！' AS ALERTSTATUS FROM T_SCHEDULE WHERE STATUSID in (1,2) AND SCHEDULEENDTIME<datetime(strftime('%s', 'now'), 'unixepoch', 'localtime')) USING(SCHEDULEID) WHERE SCHEDULEVISIBLESTATUS=1 ORDER BY SCHEDULEDATE DESC,SCHEDULESTARTTIME LIMIT 50
RESULT：**SUCCESS**
[Thread3]2022-09-23 12:43:20>>SQLCODE：SQLSchedule0003
SQL：SELECT GOALNAME,PLANNAME,SCHEDULEDATE,SCHEDULESTARTTIME,SCHEDULEENDTIME FROM T_SCHEDULE INNER JOIN T_PLAN USING(PLANID) INNER JOIN T_GOAL USING(GOALID) WHERE SCHEDULEID=@SCHEDULEID
PARAMETER0：@SCHEDULEID
VALUE0：335
RESULT：**SUCCESS**
[Thread3]2022-09-23 12:43:29>>SQLCODE：SQLSchedule0005
SQL：SELECT SCHEDULESTARTTIME,SCHEDULEENDTIME FROM T_SCHEDULE WHERE SCHEDULEID != @SCHEDULEID AND SCHEDULEDATE=@SCHEDULEDATE
PARAMETER0：@SCHEDULEID
VALUE0：335
PARAMETER1：@SCHEDULEDATE
VALUE1：2022-09-10
RESULT：**SUCCESS**
[Thread3]2022-09-23 12:43:29>>SQLCODE：SQLSchedule0005
SQL：SELECT SCHEDULESTARTTIME,SCHEDULEENDTIME FROM T_SCHEDULE WHERE SCHEDULEID != @SCHEDULEID AND SCHEDULEDATE=@SCHEDULEDATE
PARAMETER0：@SCHEDULEID
VALUE0：335
PARAMETER1：@SCHEDULEDATE
VALUE1：2022-09-10
RESULT：**SUCCESS**
[Thread4]2022-09-23 12:43:30>>SQLCODE：SQLSchedule0005
SQL：SELECT SCHEDULESTARTTIME,SCHEDULEENDTIME FROM T_SCHEDULE WHERE SCHEDULEID != @SCHEDULEID AND SCHEDULEDATE=@SCHEDULEDATE
PARAMETER0：@SCHEDULEID
VALUE0：335
PARAMETER1：@SCHEDULEDATE
VALUE1：2022-09-10
RESULT：**SUCCESS**
[Thread4]2022-09-23 12:43:30>>SQLCODE：SQLSchedule0005
SQL：SELECT SCHEDULESTARTTIME,SCHEDULEENDTIME FROM T_SCHEDULE WHERE SCHEDULEID != @SCHEDULEID AND SCHEDULEDATE=@SCHEDULEDATE
PARAMETER0：@SCHEDULEID
VALUE0：335
PARAMETER1：@SCHEDULEDATE
VALUE1：2022-09-10
RESULT：**SUCCESS**
[Thread4]2022-09-23 12:43:30>>SQLCODE：SQLSchedule0005
SQL：SELECT SCHEDULESTARTTIME,SCHEDULEENDTIME FROM T_SCHEDULE WHERE SCHEDULEID != @SCHEDULEID AND SCHEDULEDATE=@SCHEDULEDATE
PARAMETER0：@SCHEDULEID
VALUE0：335
PARAMETER1：@SCHEDULEDATE
VALUE1：2022-09-10
RESULT：**SUCCESS**
[Thread4]2022-09-23 12:43:30>>SQLCODE：SQLSchedule0005
SQL：SELECT SCHEDULESTARTTIME,SCHEDULEENDTIME FROM T_SCHEDULE WHERE SCHEDULEID != @SCHEDULEID AND SCHEDULEDATE=@SCHEDULEDATE
PARAMETER0：@SCHEDULEID
VALUE0：335
PARAMETER1：@SCHEDULEDATE
VALUE1：2022-09-10
RESULT：**SUCCESS**
[Thread3]2022-09-23 12:43:30>>SQLCODE：SQLSchedule0005
SQL：SELECT SCHEDULESTARTTIME,SCHEDULEENDTIME FROM T_SCHEDULE WHERE SCHEDULEID != @SCHEDULEID AND SCHEDULEDATE=@SCHEDULEDATE
PARAMETER0：@SCHEDULEID
VALUE0：335
PARAMETER1：@SCHEDULEDATE
VALUE1：2022-09-10
RESULT：**SUCCESS**
