[Thread3]2022-09-25 12:08:11>>Schedule Loaded!
[Thread3]2022-09-25 12:08:13>>DBの圧縮を開始します。
[Thread3]2022-09-25 12:08:13>>DBバックアップ処理を開始します。
[Thread3]2022-09-25 12:08:13>>.\resources\db\AppSchd.db_bk03を削除しました。
[Thread3]2022-09-25 12:08:13>>.\resources\db\AppSchd.db_bk03を作成しました。
.\resources\db\AppSchd.db_bk02を削除しました。
[Thread3]2022-09-25 12:08:13>>.\resources\db\AppSchd.db_bk02を作成しました。
.\resources\db\AppSchd.db_bk01を削除しました。
[Thread3]2022-09-25 12:08:13>>.\resources\db\AppSchd.db_bk01を作成しました。
[Thread3]2022-09-25 12:10:46>>Schedule Loaded!
[Thread4]2022-09-25 12:10:46>>DBの圧縮を開始します。
[Thread4]2022-09-25 12:10:46>>DBバックアップ処理を開始します。
[Thread4]2022-09-25 12:10:46>>.\resources\db\AppSchd.db_bk03を削除しました。
[Thread4]2022-09-25 12:10:46>>.\resources\db\AppSchd.db_bk03を作成しました。
.\resources\db\AppSchd.db_bk02を削除しました。
[Thread4]2022-09-25 12:10:46>>.\resources\db\AppSchd.db_bk02を作成しました。
.\resources\db\AppSchd.db_bk01を削除しました。
[Thread4]2022-09-25 12:10:46>>.\resources\db\AppSchd.db_bk01を作成しました。
[Thread3]2022-09-25 12:17:36>>Schedule Loaded!
[Thread4]2022-09-25 12:17:37>>DBの圧縮を開始します。
[Thread4]2022-09-25 12:17:37>>DBバックアップ処理を開始します。
[Thread4]2022-09-25 12:17:37>>.\resources\db\AppSchd.db_bk03を削除しました。
[Thread4]2022-09-25 12:17:37>>.\resources\db\AppSchd.db_bk03を作成しました。
.\resources\db\AppSchd.db_bk02を削除しました。
[Thread4]2022-09-25 12:17:37>>.\resources\db\AppSchd.db_bk02を作成しました。
.\resources\db\AppSchd.db_bk01を削除しました。
[Thread4]2022-09-25 12:17:37>>.\resources\db\AppSchd.db_bk01を作成しました。
[Thread3]2022-09-25 12:18:04>>Schedule Loaded!
[Thread3]2022-09-25 12:18:05>>DBの圧縮を開始します。
[Thread3]2022-09-25 12:18:05>>DBバックアップ処理を開始します。
[Thread3]2022-09-25 12:18:05>>.\resources\db\AppSchd.db_bk03を削除しました。
[Thread3]2022-09-25 12:18:05>>.\resources\db\AppSchd.db_bk03を作成しました。
.\resources\db\AppSchd.db_bk02を削除しました。
[Thread3]2022-09-25 12:18:05>>.\resources\db\AppSchd.db_bk02を作成しました。
.\resources\db\AppSchd.db_bk01を削除しました。
[Thread3]2022-09-25 12:18:05>>.\resources\db\AppSchd.db_bk01を作成しました。
[Thread3]2022-09-25 12:19:50>>Schedule Loaded!
[Thread4]2022-09-25 12:19:51>>DBの圧縮を開始します。
[Thread4]2022-09-25 12:19:51>>DBバックアップ処理を開始します。
[Thread4]2022-09-25 12:19:51>>.\resources\db\AppSchd.db_bk03を削除しました。
[Thread4]2022-09-25 12:19:51>>.\resources\db\AppSchd.db_bk03を作成しました。
.\resources\db\AppSchd.db_bk02を削除しました。
[Thread4]2022-09-25 12:19:51>>.\resources\db\AppSchd.db_bk02を作成しました。
.\resources\db\AppSchd.db_bk01を削除しました。
[Thread4]2022-09-25 12:19:51>>.\resources\db\AppSchd.db_bk01を作成しました。
[Thread3]2022-09-25 12:25:33>>Schedule Loaded!
[Thread4]2022-09-25 12:25:35>>DBの圧縮を開始します。
[Thread4]2022-09-25 12:25:35>>DBバックアップ処理を開始します。
[Thread4]2022-09-25 12:25:35>>.\resources\db\AppSchd.db_bk03を削除しました。
[Thread4]2022-09-25 12:25:35>>.\resources\db\AppSchd.db_bk03を作成しました。
.\resources\db\AppSchd.db_bk02を削除しました。
[Thread4]2022-09-25 12:25:35>>.\resources\db\AppSchd.db_bk02を作成しました。
.\resources\db\AppSchd.db_bk01を削除しました。
[Thread4]2022-09-25 12:25:35>>.\resources\db\AppSchd.db_bk01を作成しました。
[Thread3]2022-09-25 12:26:11>>Schedule Loaded!
[Thread7]2022-09-25 12:26:12>>DBの圧縮を開始します。
[Thread7]2022-09-25 12:26:12>>DBバックアップ処理を開始します。
[Thread7]2022-09-25 12:26:12>>.\resources\db\AppSchd.db_bk03を削除しました。
[Thread7]2022-09-25 12:26:12>>.\resources\db\AppSchd.db_bk03を作成しました。
.\resources\db\AppSchd.db_bk02を削除しました。
[Thread7]2022-09-25 12:26:12>>.\resources\db\AppSchd.db_bk02を作成しました。
.\resources\db\AppSchd.db_bk01を削除しました。
[Thread7]2022-09-25 12:26:12>>.\resources\db\AppSchd.db_bk01を作成しました。
[Thread3]2022-09-25 12:26:14>>ToDo Clicked!
[Thread3]2022-09-25 12:26:14>>ToDo Loaded!
[Thread3]2022-09-25 12:26:25>>Schedule Clicked!
[Thread3]2022-09-25 12:26:25>>Schedule Loaded!
[Thread3]2022-09-25 12:27:08>>Schedule Loaded!
[Thread5]2022-09-25 12:27:08>>DBの圧縮を開始します。
[Thread5]2022-09-25 12:27:08>>DBバックアップ処理を開始します。
[Thread5]2022-09-25 12:27:08>>.\resources\db\AppSchd.db_bk03を削除しました。
[Thread5]2022-09-25 12:27:08>>.\resources\db\AppSchd.db_bk03を作成しました。
.\resources\db\AppSchd.db_bk02を削除しました。
[Thread5]2022-09-25 12:27:08>>.\resources\db\AppSchd.db_bk02を作成しました。
.\resources\db\AppSchd.db_bk01を削除しました。
[Thread5]2022-09-25 12:27:08>>.\resources\db\AppSchd.db_bk01を作成しました。
[Thread3]2022-09-25 12:27:44>>Schedule Loaded!
[Thread6]2022-09-25 12:27:45>>DBの圧縮を開始します。
[Thread6]2022-09-25 12:27:45>>DBバックアップ処理を開始します。
[Thread6]2022-09-25 12:27:45>>.\resources\db\AppSchd.db_bk03を削除しました。
[Thread6]2022-09-25 12:27:45>>.\resources\db\AppSchd.db_bk03を作成しました。
.\resources\db\AppSchd.db_bk02を削除しました。
[Thread6]2022-09-25 12:27:45>>.\resources\db\AppSchd.db_bk02を作成しました。
.\resources\db\AppSchd.db_bk01を削除しました。
[Thread6]2022-09-25 12:27:45>>.\resources\db\AppSchd.db_bk01を作成しました。
[Thread3]2022-09-25 12:28:15>>Bin Clicked!
[Thread3]2022-09-25 12:28:15>>Bin Loaded!
[Thread3]2022-09-25 12:28:36>>Schedule Clicked!
[Thread3]2022-09-25 12:28:36>>Schedule Loaded!
[Thread3]2022-09-25 12:29:08>>Schedule Loaded!
[Thread5]2022-09-25 12:29:08>>DBの圧縮を開始します。
[Thread5]2022-09-25 12:29:08>>DBバックアップ処理を開始します。
[Thread5]2022-09-25 12:29:08>>.\resources\db\AppSchd.db_bk03を削除しました。
[Thread5]2022-09-25 12:29:08>>.\resources\db\AppSchd.db_bk03を作成しました。
.\resources\db\AppSchd.db_bk02を削除しました。
[Thread5]2022-09-25 12:29:08>>.\resources\db\AppSchd.db_bk02を作成しました。
.\resources\db\AppSchd.db_bk01を削除しました。
[Thread5]2022-09-25 12:29:08>>.\resources\db\AppSchd.db_bk01を作成しました。
[Thread3]2022-09-25 12:29:13>>Schedule Loaded!
[Thread7]2022-09-25 12:29:13>>DBの圧縮を開始します。
[Thread7]2022-09-25 12:29:13>>DBバックアップ処理を開始します。
[Thread7]2022-09-25 12:29:13>>.\resources\db\AppSchd.db_bk03を削除しました。
[Thread7]2022-09-25 12:29:13>>.\resources\db\AppSchd.db_bk03を作成しました。
.\resources\db\AppSchd.db_bk02を削除しました。
[Thread7]2022-09-25 12:29:13>>.\resources\db\AppSchd.db_bk02を作成しました。
.\resources\db\AppSchd.db_bk01を削除しました。
[Thread7]2022-09-25 12:29:13>>.\resources\db\AppSchd.db_bk01を作成しました。
[Thread3]2022-09-25 12:32:22>>Schedule Loaded!
[Thread7]2022-09-25 12:32:23>>DBの圧縮を開始します。
[Thread7]2022-09-25 12:32:23>>DBバックアップ処理を開始します。
[Thread7]2022-09-25 12:32:23>>.\resources\db\AppSchd.db_bk03を削除しました。
[Thread7]2022-09-25 12:32:23>>.\resources\db\AppSchd.db_bk03を作成しました。
.\resources\db\AppSchd.db_bk02を削除しました。
[Thread7]2022-09-25 12:32:23>>.\resources\db\AppSchd.db_bk02を作成しました。
.\resources\db\AppSchd.db_bk01を削除しました。
[Thread7]2022-09-25 12:32:23>>.\resources\db\AppSchd.db_bk01を作成しました。
[Thread3]2022-09-25 12:34:15>>Schedule Loaded!
[Thread7]2022-09-25 12:34:16>>DBの圧縮を開始します。
[Thread7]2022-09-25 12:34:16>>DBバックアップ処理を開始します。
[Thread7]2022-09-25 12:34:16>>.\resources\db\AppSchd.db_bk03を削除しました。
[Thread7]2022-09-25 12:34:16>>.\resources\db\AppSchd.db_bk03を作成しました。
.\resources\db\AppSchd.db_bk02を削除しました。
[Thread7]2022-09-25 12:34:16>>.\resources\db\AppSchd.db_bk02を作成しました。
.\resources\db\AppSchd.db_bk01を削除しました。
[Thread7]2022-09-25 12:34:16>>.\resources\db\AppSchd.db_bk01を作成しました。
[Thread3]2022-09-25 12:35:48>>Schedule Loaded!
[Thread7]2022-09-25 12:35:49>>DBの圧縮を開始します。
[Thread7]2022-09-25 12:35:49>>DBバックアップ処理を開始します。
[Thread7]2022-09-25 12:35:49>>.\resources\db\AppSchd.db_bk03を削除しました。
[Thread7]2022-09-25 12:35:49>>.\resources\db\AppSchd.db_bk03を作成しました。
.\resources\db\AppSchd.db_bk02を削除しました。
[Thread7]2022-09-25 12:35:49>>.\resources\db\AppSchd.db_bk02を作成しました。
.\resources\db\AppSchd.db_bk01を削除しました。
[Thread7]2022-09-25 12:35:49>>.\resources\db\AppSchd.db_bk01を作成しました。
[Thread3]2022-09-25 12:36:14>>Schedule Loaded!
[Thread3]2022-09-25 12:36:14>>DBの圧縮を開始します。
[Thread6]2022-09-25 12:36:14>>DBバックアップ処理を開始します。
[Thread6]2022-09-25 12:36:14>>.\resources\db\AppSchd.db_bk03を削除しました。
[Thread6]2022-09-25 12:36:14>>.\resources\db\AppSchd.db_bk03を作成しました。
.\resources\db\AppSchd.db_bk02を削除しました。
[Thread6]2022-09-25 12:36:14>>.\resources\db\AppSchd.db_bk02を作成しました。
.\resources\db\AppSchd.db_bk01を削除しました。
[Thread6]2022-09-25 12:36:14>>.\resources\db\AppSchd.db_bk01を作成しました。
[Thread3]2022-09-25 12:42:17>>Schedule Loaded!
[Thread5]2022-09-25 12:42:18>>DBの圧縮を開始します。
[Thread5]2022-09-25 12:42:18>>DBバックアップ処理を開始します。
[Thread5]2022-09-25 12:42:18>>.\resources\db\AppSchd.db_bk03を削除しました。
[Thread5]2022-09-25 12:42:18>>.\resources\db\AppSchd.db_bk03を作成しました。
.\resources\db\AppSchd.db_bk02を削除しました。
[Thread5]2022-09-25 12:42:18>>.\resources\db\AppSchd.db_bk02を作成しました。
.\resources\db\AppSchd.db_bk01を削除しました。
[Thread5]2022-09-25 12:42:18>>.\resources\db\AppSchd.db_bk01を作成しました。
[Thread3]2022-09-25 12:43:00>>Schedule Loaded!
[Thread7]2022-09-25 12:43:01>>DBの圧縮を開始します。
[Thread7]2022-09-25 12:43:01>>DBバックアップ処理を開始します。
[Thread7]2022-09-25 12:43:01>>.\resources\db\AppSchd.db_bk03を削除しました。
[Thread7]2022-09-25 12:43:01>>.\resources\db\AppSchd.db_bk03を作成しました。
.\resources\db\AppSchd.db_bk02を削除しました。
[Thread7]2022-09-25 12:43:01>>.\resources\db\AppSchd.db_bk02を作成しました。
.\resources\db\AppSchd.db_bk01を削除しました。
[Thread7]2022-09-25 12:43:01>>.\resources\db\AppSchd.db_bk01を作成しました。
[Thread3]2022-09-25 10:41:28>>Schedule Loaded!
[Thread4]2022-09-25 10:41:29>>DBの圧縮を開始します。
[Thread4]2022-09-25 10:41:29>>DBバックアップ処理を開始します。
[Thread4]2022-09-25 10:41:29>>.\resources\db\AppSchd.db_bk03を削除しました。
[Thread4]2022-09-25 10:41:29>>.\resources\db\AppSchd.db_bk03を作成しました。
.\resources\db\AppSchd.db_bk02を削除しました。
[Thread4]2022-09-25 10:41:29>>.\resources\db\AppSchd.db_bk02を作成しました。
.\resources\db\AppSchd.db_bk01を削除しました。
[Thread4]2022-09-25 10:41:29>>.\resources\db\AppSchd.db_bk01を作成しました。
[Thread3]2022-09-25 10:41:31>>ToDo Clicked!
[Thread3]2022-09-25 10:41:31>>ToDo Loaded!
