[Thread3]2022-11-18 07:15:15>>Schedule Loaded!
[Thread4]2022-11-18 07:15:16>>DBの圧縮を開始します。
[Thread4]2022-11-18 07:15:16>>DBバックアップ処理を開始します。
[Thread4]2022-11-18 07:15:16>>.\resources\db\AppSchd.db_bk03を削除しました。
[Thread4]2022-11-18 07:15:16>>.\resources\db\AppSchd.db_bk03を作成しました。
.\resources\db\AppSchd.db_bk02を削除しました。
[Thread4]2022-11-18 07:15:16>>.\resources\db\AppSchd.db_bk02を作成しました。
.\resources\db\AppSchd.db_bk01を削除しました。
[Thread4]2022-11-18 07:15:16>>.\resources\db\AppSchd.db_bk01を作成しました。
[Thread3]2022-11-18 07:15:18>>Note Clicked!
[Thread3]2022-11-18 07:15:18>>Note Loaded!
[Thread3]2022-11-18 10:54:07>>Schedule Loaded!
[Thread4]2022-11-18 10:54:09>>DBの圧縮を開始します。
[Thread4]2022-11-18 10:54:09>>DBバックアップ処理を開始します。
[Thread4]2022-11-18 10:54:09>>.\resources\db\AppSchd.db_bk03を削除しました。
[Thread4]2022-11-18 10:54:09>>.\resources\db\AppSchd.db_bk03を作成しました。
.\resources\db\AppSchd.db_bk02を削除しました。
[Thread4]2022-11-18 10:54:09>>.\resources\db\AppSchd.db_bk02を作成しました。
.\resources\db\AppSchd.db_bk01を削除しました。
[Thread4]2022-11-18 10:54:09>>.\resources\db\AppSchd.db_bk01を作成しました。
[Thread6]2022-11-18 10:54:10>>Note Clicked!
[Thread6]2022-11-18 10:54:10>>Note Loaded!
[Thread3]2022-11-18 10:55:19>>Schedule Loaded!
[Thread4]2022-11-18 10:55:20>>DBの圧縮を開始します。
[Thread4]2022-11-18 10:55:20>>DBバックアップ処理を開始します。
[Thread4]2022-11-18 10:55:20>>.\resources\db\AppSchd.db_bk03を削除しました。
[Thread4]2022-11-18 10:55:20>>.\resources\db\AppSchd.db_bk03を作成しました。
.\resources\db\AppSchd.db_bk02を削除しました。
[Thread4]2022-11-18 10:55:20>>.\resources\db\AppSchd.db_bk02を作成しました。
.\resources\db\AppSchd.db_bk01を削除しました。
[Thread4]2022-11-18 10:55:20>>.\resources\db\AppSchd.db_bk01を作成しました。
[Thread8]2022-11-18 10:55:20>>Note Clicked!
[Thread3]2022-11-18 10:56:52>>Schedule Loaded!
[Thread4]2022-11-18 10:56:54>>DBの圧縮を開始します。
[Thread4]2022-11-18 10:56:54>>DBバックアップ処理を開始します。
[Thread4]2022-11-18 10:56:54>>.\resources\db\AppSchd.db_bk03を削除しました。
[Thread4]2022-11-18 10:56:54>>.\resources\db\AppSchd.db_bk03を作成しました。
.\resources\db\AppSchd.db_bk02を削除しました。
[Thread4]2022-11-18 10:56:54>>.\resources\db\AppSchd.db_bk02を作成しました。
.\resources\db\AppSchd.db_bk01を削除しました。
[Thread4]2022-11-18 10:56:54>>.\resources\db\AppSchd.db_bk01を作成しました。
[Thread6]2022-11-18 10:56:55>>Note Clicked!
[Thread6]2022-11-18 10:56:55>>Note Loaded!
[Thread3]2022-11-18 10:57:58>>Schedule Loaded!
[Thread5]2022-11-18 10:57:59>>DBの圧縮を開始します。
[Thread5]2022-11-18 10:57:59>>DBバックアップ処理を開始します。
[Thread5]2022-11-18 10:57:59>>.\resources\db\AppSchd.db_bk03を削除しました。
[Thread5]2022-11-18 10:57:59>>.\resources\db\AppSchd.db_bk03を作成しました。
.\resources\db\AppSchd.db_bk02を削除しました。
[Thread5]2022-11-18 10:57:59>>.\resources\db\AppSchd.db_bk02を作成しました。
.\resources\db\AppSchd.db_bk01を削除しました。
[Thread5]2022-11-18 10:57:59>>.\resources\db\AppSchd.db_bk01を作成しました。
[Thread4]2022-11-18 10:58:00>>Note Clicked!
[Thread4]2022-11-18 10:58:00>>Note Loaded!
[Thread3]2022-11-18 10:58:20>>Schedule Loaded!
[Thread4]2022-11-18 10:58:21>>DBの圧縮を開始します。
[Thread4]2022-11-18 10:58:21>>DBバックアップ処理を開始します。
[Thread4]2022-11-18 10:58:21>>.\resources\db\AppSchd.db_bk03を削除しました。
[Thread4]2022-11-18 10:58:21>>.\resources\db\AppSchd.db_bk03を作成しました。
.\resources\db\AppSchd.db_bk02を削除しました。
[Thread4]2022-11-18 10:58:21>>.\resources\db\AppSchd.db_bk02を作成しました。
.\resources\db\AppSchd.db_bk01を削除しました。
[Thread4]2022-11-18 10:58:21>>.\resources\db\AppSchd.db_bk01を作成しました。
[Thread5]2022-11-18 10:58:22>>Note Clicked!
[Thread5]2022-11-18 10:58:22>>Note Loaded!
[Thread3]2022-11-18 11:03:06>>Schedule Loaded!
[Thread4]2022-11-18 11:03:08>>DBの圧縮を開始します。
[Thread4]2022-11-18 11:03:08>>DBバックアップ処理を開始します。
[Thread4]2022-11-18 11:03:08>>.\resources\db\AppSchd.db_bk03を削除しました。
[Thread4]2022-11-18 11:03:08>>.\resources\db\AppSchd.db_bk03を作成しました。
.\resources\db\AppSchd.db_bk02を削除しました。
[Thread4]2022-11-18 11:03:08>>.\resources\db\AppSchd.db_bk02を作成しました。
.\resources\db\AppSchd.db_bk01を削除しました。
[Thread4]2022-11-18 11:03:08>>.\resources\db\AppSchd.db_bk01を作成しました。
[Thread3]2022-11-18 11:03:09>>Note Clicked!
[Thread3]2022-11-18 11:03:09>>Note Loaded!
[Thread3]2022-11-18 11:04:23>>Schedule Loaded!
[Thread5]2022-11-18 11:04:25>>DBの圧縮を開始します。
[Thread5]2022-11-18 11:04:25>>DBバックアップ処理を開始します。
[Thread5]2022-11-18 11:04:25>>.\resources\db\AppSchd.db_bk03を削除しました。
[Thread5]2022-11-18 11:04:25>>.\resources\db\AppSchd.db_bk03を作成しました。
.\resources\db\AppSchd.db_bk02を削除しました。
[Thread5]2022-11-18 11:04:25>>.\resources\db\AppSchd.db_bk02を作成しました。
.\resources\db\AppSchd.db_bk01を削除しました。
[Thread5]2022-11-18 11:04:25>>.\resources\db\AppSchd.db_bk01を作成しました。
[Thread6]2022-11-18 11:04:26>>Analysis Clicked!
[Thread6]2022-11-18 11:04:26>>Analysis Loaded!
[Thread6]2022-11-18 11:04:26>>Note Clicked!
