[Thread3]2022-11-17 01:30:15>>Schedule Loaded!
[Thread3]2022-11-17 01:30:15>>DBの圧縮を開始します。
[Thread3]2022-11-17 01:30:15>>DBバックアップ処理を開始します。
[Thread7]2022-11-17 01:30:16>>.\resources\db\AppSchd.db_bk03を削除しました。
[Thread7]2022-11-17 01:30:16>>.\resources\db\AppSchd.db_bk03を作成しました。
.\resources\db\AppSchd.db_bk02を削除しました。
[Thread7]2022-11-17 01:30:16>>.\resources\db\AppSchd.db_bk02を作成しました。
.\resources\db\AppSchd.db_bk01を削除しました。
[Thread7]2022-11-17 01:30:16>>.\resources\db\AppSchd.db_bk01を作成しました。
[Thread3]2022-11-17 01:30:46>>Schedule Loaded!
[Thread3]2022-11-17 01:30:47>>DBの圧縮を開始します。
[Thread3]2022-11-17 01:30:47>>DBバックアップ処理を開始します。
[Thread3]2022-11-17 01:30:47>>.\resources\db\AppSchd.db_bk03を削除しました。
[Thread3]2022-11-17 01:30:47>>.\resources\db\AppSchd.db_bk03を作成しました。
.\resources\db\AppSchd.db_bk02を削除しました。
[Thread3]2022-11-17 01:30:47>>.\resources\db\AppSchd.db_bk02を作成しました。
.\resources\db\AppSchd.db_bk01を削除しました。
[Thread3]2022-11-17 01:30:47>>.\resources\db\AppSchd.db_bk01を作成しました。
[Thread3]2022-11-17 01:34:00>>Schedule Loaded!
[Thread3]2022-11-17 01:34:00>>DBの圧縮を開始します。
[Thread3]2022-11-17 01:34:00>>DBバックアップ処理を開始します。
[Thread6]2022-11-17 01:34:01>>.\resources\db\AppSchd.db_bk03を削除しました。
[Thread6]2022-11-17 01:34:01>>.\resources\db\AppSchd.db_bk03を作成しました。
.\resources\db\AppSchd.db_bk02を削除しました。
[Thread6]2022-11-17 01:34:01>>.\resources\db\AppSchd.db_bk02を作成しました。
.\resources\db\AppSchd.db_bk01を削除しました。
[Thread6]2022-11-17 01:34:01>>.\resources\db\AppSchd.db_bk01を作成しました。
[Thread3]2022-11-17 01:34:59>>Schedule Loaded!
[Thread6]2022-11-17 01:34:59>>DBの圧縮を開始します。
[Thread6]2022-11-17 01:34:59>>DBバックアップ処理を開始します。
[Thread6]2022-11-17 01:34:59>>.\resources\db\AppSchd.db_bk03を削除しました。
[Thread6]2022-11-17 01:34:59>>.\resources\db\AppSchd.db_bk03を作成しました。
.\resources\db\AppSchd.db_bk02を削除しました。
[Thread6]2022-11-17 01:34:59>>.\resources\db\AppSchd.db_bk02を作成しました。
.\resources\db\AppSchd.db_bk01を削除しました。
[Thread6]2022-11-17 01:34:59>>.\resources\db\AppSchd.db_bk01を作成しました。
[Thread3]2022-11-17 01:36:01>>Schedule Loaded!
[Thread5]2022-11-17 01:36:02>>DBの圧縮を開始します。
[Thread5]2022-11-17 01:36:02>>DBバックアップ処理を開始します。
[Thread5]2022-11-17 01:36:02>>.\resources\db\AppSchd.db_bk03を削除しました。
[Thread5]2022-11-17 01:36:02>>.\resources\db\AppSchd.db_bk03を作成しました。
.\resources\db\AppSchd.db_bk02を削除しました。
[Thread5]2022-11-17 01:36:02>>.\resources\db\AppSchd.db_bk02を作成しました。
.\resources\db\AppSchd.db_bk01を削除しました。
[Thread5]2022-11-17 01:36:02>>.\resources\db\AppSchd.db_bk01を作成しました。
[Thread3]2022-11-17 01:37:40>>Schedule Loaded!
[Thread3]2022-11-17 01:37:40>>DBの圧縮を開始します。
[Thread3]2022-11-17 01:37:40>>DBバックアップ処理を開始します。
[Thread3]2022-11-17 01:37:40>>.\resources\db\AppSchd.db_bk03を削除しました。
[Thread3]2022-11-17 01:37:40>>.\resources\db\AppSchd.db_bk03を作成しました。
.\resources\db\AppSchd.db_bk02を削除しました。
[Thread7]2022-11-17 01:37:40>>.\resources\db\AppSchd.db_bk02を作成しました。
.\resources\db\AppSchd.db_bk01を削除しました。
[Thread7]2022-11-17 01:37:40>>.\resources\db\AppSchd.db_bk01を作成しました。
[Thread3]2022-11-17 01:37:45>>ToDo Clicked!
[Thread3]2022-11-17 01:37:45>>ToDo Loaded!
[Thread3]2022-11-17 01:38:09>>Schedule Loaded!
[Thread3]2022-11-17 01:38:09>>DBの圧縮を開始します。
[Thread3]2022-11-17 01:38:09>>DBバックアップ処理を開始します。
[Thread3]2022-11-17 01:38:09>>.\resources\db\AppSchd.db_bk03を削除しました。
[Thread3]2022-11-17 01:38:09>>.\resources\db\AppSchd.db_bk03を作成しました。
.\resources\db\AppSchd.db_bk02を削除しました。
[Thread3]2022-11-17 01:38:09>>.\resources\db\AppSchd.db_bk02を作成しました。
.\resources\db\AppSchd.db_bk01を削除しました。
[Thread3]2022-11-17 01:38:09>>.\resources\db\AppSchd.db_bk01を作成しました。
[Thread3]2022-11-17 01:38:13>>ToDo Clicked!
[Thread3]2022-11-17 01:38:13>>ToDo Loaded!
[Thread3]2022-11-17 01:39:38>>Schedule Loaded!
[Thread3]2022-11-17 01:39:38>>DBの圧縮を開始します。
[Thread3]2022-11-17 01:39:38>>DBバックアップ処理を開始します。
[Thread3]2022-11-17 01:39:38>>.\resources\db\AppSchd.db_bk03を削除しました。
[Thread3]2022-11-17 01:39:38>>.\resources\db\AppSchd.db_bk03を作成しました。
.\resources\db\AppSchd.db_bk02を削除しました。
[Thread3]2022-11-17 01:39:38>>.\resources\db\AppSchd.db_bk02を作成しました。
.\resources\db\AppSchd.db_bk01を削除しました。
[Thread3]2022-11-17 01:39:38>>.\resources\db\AppSchd.db_bk01を作成しました。
[Thread6]2022-11-17 01:39:39>>ToDo Clicked!
[Thread6]2022-11-17 01:39:39>>ToDo Loaded!
[Thread3]2022-11-17 01:39:42>>Note Clicked!
[Thread3]2022-11-17 01:39:42>>Note Loaded!
[Thread3]2022-11-17 01:39:42>>Analysis Clicked!
[Thread3]2022-11-17 01:39:42>>Analysis Loaded!
[Thread3]2022-11-17 01:39:46>>Note Clicked!
[Thread3]2022-11-17 01:39:46>>Note Loaded!
[Thread3]2022-11-17 01:39:48>>ToDo Clicked!
[Thread3]2022-11-17 01:39:48>>ToDo Loaded!
[Thread3]2022-11-17 01:39:48>>Note Clicked!
[Thread3]2022-11-17 01:39:48>>Note Loaded!
[Thread6]2022-11-17 01:39:49>>ToDo Clicked!
[Thread6]2022-11-17 01:39:49>>ToDo Loaded!
[Thread3]2022-11-17 01:39:58>>Schedule Clicked!
[Thread3]2022-11-17 01:39:58>>Schedule Loaded!
[Thread7]2022-11-17 01:39:59>>ToDo Clicked!
[Thread7]2022-11-17 01:39:59>>ToDo Loaded!
[Thread7]2022-11-17 01:39:59>>Note Clicked!
[Thread7]2022-11-17 01:39:59>>Note Loaded!
[Thread4]2022-11-17 01:40:00>>Analysis Clicked!
[Thread4]2022-11-17 01:40:00>>Analysis Loaded!
[Thread5]2022-11-17 01:40:01>>Bin Clicked!
[Thread5]2022-11-17 01:40:01>>Bin Loaded!
[Thread5]2022-11-17 01:40:01>>Analysis Clicked!
[Thread5]2022-11-17 01:40:01>>Analysis Loaded!
[Thread4]2022-11-17 01:40:01>>Note Clicked!
[Thread4]2022-11-17 01:40:01>>Note Loaded!
[Thread5]2022-11-17 01:40:02>>ToDo Clicked!
[Thread5]2022-11-17 01:40:02>>ToDo Loaded!
[Thread5]2022-11-17 01:40:02>>Schedule Clicked!
[Thread5]2022-11-17 01:40:02>>Schedule Loaded!
[Thread3]2022-11-17 01:40:03>>ToDo Clicked!
[Thread3]2022-11-17 01:40:03>>ToDo Loaded!
[Thread3]2022-11-17 01:40:06>>Schedule Clicked!
[Thread3]2022-11-17 01:40:06>>Schedule Loaded!
[Thread3]2022-11-17 09:07:05>>Schedule Loaded!
[Thread4]2022-11-17 09:07:06>>DBの圧縮を開始します。
[Thread4]2022-11-17 09:07:06>>DBバックアップ処理を開始します。
[Thread4]2022-11-17 09:07:06>>.\resources\db\AppSchd.db_bk03を削除しました。
[Thread4]2022-11-17 09:07:06>>.\resources\db\AppSchd.db_bk03を作成しました。
.\resources\db\AppSchd.db_bk02を削除しました。
[Thread4]2022-11-17 09:07:06>>.\resources\db\AppSchd.db_bk02を作成しました。
.\resources\db\AppSchd.db_bk01を削除しました。
[Thread4]2022-11-17 09:07:06>>.\resources\db\AppSchd.db_bk01を作成しました。
[Thread5]2022-11-17 09:07:07>>ToDo Clicked!
[Thread5]2022-11-17 09:07:07>>ToDo Loaded!
[Thread6]2022-11-17 09:07:17>>Schedule Clicked!
[Thread6]2022-11-17 09:07:17>>Schedule Loaded!
[Thread3]2022-11-17 09:07:47>>Record Clicked!
[Thread3]2022-11-17 09:07:47>>Record Loaded!
[Thread3]2022-11-17 09:21:40>>Schedule Loaded!
[Thread4]2022-11-17 09:21:40>>DBの圧縮を開始します。
[Thread4]2022-11-17 09:21:40>>DBバックアップ処理を開始します。
[Thread4]2022-11-17 09:21:40>>.\resources\db\AppSchd.db_bk03を削除しました。
[Thread4]2022-11-17 09:21:40>>.\resources\db\AppSchd.db_bk03を作成しました。
.\resources\db\AppSchd.db_bk02を削除しました。
[Thread4]2022-11-17 09:21:40>>.\resources\db\AppSchd.db_bk02を作成しました。
.\resources\db\AppSchd.db_bk01を削除しました。
[Thread4]2022-11-17 09:21:40>>.\resources\db\AppSchd.db_bk01を作成しました。
[Thread3]2022-11-17 09:21:42>>ToDo Clicked!
[Thread3]2022-11-17 09:21:42>>ToDo Loaded!
[Thread8]2022-11-17 09:21:43>>Schedule Clicked!
[Thread8]2022-11-17 09:21:43>>Schedule Loaded!
[Thread3]2022-11-17 09:21:45>>Record Clicked!
[Thread3]2022-11-17 09:22:06>>Schedule Loaded!
[Thread4]2022-11-17 09:22:08>>DBの圧縮を開始します。
[Thread4]2022-11-17 09:22:08>>DBバックアップ処理を開始します。
[Thread4]2022-11-17 09:22:08>>.\resources\db\AppSchd.db_bk03を削除しました。
[Thread4]2022-11-17 09:22:08>>.\resources\db\AppSchd.db_bk03を作成しました。
.\resources\db\AppSchd.db_bk02を削除しました。
[Thread4]2022-11-17 09:22:08>>.\resources\db\AppSchd.db_bk02を作成しました。
.\resources\db\AppSchd.db_bk01を削除しました。
[Thread4]2022-11-17 09:22:08>>.\resources\db\AppSchd.db_bk01を作成しました。
[Thread7]2022-11-17 09:22:08>>Record Clicked!
[Thread7]2022-11-17 09:22:08>>Record Loaded!
[Thread3]2022-11-17 09:22:16>>Schedule Loaded!
[Thread4]2022-11-17 09:22:17>>DBの圧縮を開始します。
[Thread4]2022-11-17 09:22:17>>DBバックアップ処理を開始します。
[Thread4]2022-11-17 09:22:17>>.\resources\db\AppSchd.db_bk03を削除しました。
[Thread4]2022-11-17 09:22:17>>.\resources\db\AppSchd.db_bk03を作成しました。
.\resources\db\AppSchd.db_bk02を削除しました。
[Thread4]2022-11-17 09:22:17>>.\resources\db\AppSchd.db_bk02を作成しました。
.\resources\db\AppSchd.db_bk01を削除しました。
[Thread4]2022-11-17 09:22:17>>.\resources\db\AppSchd.db_bk01を作成しました。
[Thread3]2022-11-17 09:22:18>>Record Clicked!
[Thread3]2022-11-17 09:22:18>>Record Loaded!
[Thread6]2022-11-17 09:22:21>>更新できません
[Thread6]2022-11-17 09:22:24>>更新できません
[Thread6]2022-11-17 09:22:26>>更新できません
[Thread3]2022-11-17 09:27:40>>Schedule Loaded!
[Thread3]2022-11-17 09:27:41>>ないよ
[Schedule]：
keyName：ScheduleStatusControl
[Thread4]2022-11-17 09:27:42>>DBの圧縮を開始します。
[Thread4]2022-11-17 09:27:42>>DBバックアップ処理を開始します。
[Thread4]2022-11-17 09:27:42>>.\resources\db\AppSchd.db_bk03を削除しました。
[Thread4]2022-11-17 09:27:42>>.\resources\db\AppSchd.db_bk03を作成しました。
.\resources\db\AppSchd.db_bk02を削除しました。
[Thread4]2022-11-17 09:27:42>>.\resources\db\AppSchd.db_bk02を作成しました。
.\resources\db\AppSchd.db_bk01を削除しました。
[Thread4]2022-11-17 09:27:42>>.\resources\db\AppSchd.db_bk01を作成しました。
[Thread3]2022-11-17 09:27:44>>ToDo Clicked!
[Thread3]2022-11-17 09:27:44>>ToDo Loaded!
[Thread3]2022-11-17 09:27:46>>ないよ
[ToDo]：
keyName：ToDoStatusControl
[Thread3]2022-11-17 09:29:13>>Schedule Loaded!
[Thread4]2022-11-17 09:29:14>>DBの圧縮を開始します。
[Thread4]2022-11-17 09:29:14>>DBバックアップ処理を開始します。
[Thread4]2022-11-17 09:29:14>>.\resources\db\AppSchd.db_bk03を削除しました。
[Thread4]2022-11-17 09:29:14>>.\resources\db\AppSchd.db_bk03を作成しました。
.\resources\db\AppSchd.db_bk02を削除しました。
[Thread4]2022-11-17 09:29:14>>.\resources\db\AppSchd.db_bk02を作成しました。
.\resources\db\AppSchd.db_bk01を削除しました。
[Thread4]2022-11-17 09:29:14>>.\resources\db\AppSchd.db_bk01を作成しました。
[Thread6]2022-11-17 09:29:15>>Record Clicked!
[Thread6]2022-11-17 09:29:15>>Record Loaded!
[Thread6]2022-11-17 09:29:16>>Schedule Clicked!
[Thread6]2022-11-17 09:29:16>>Schedule Loaded!
[Thread3]2022-11-17 09:29:20>>Record Clicked!
[Thread3]2022-11-17 09:29:20>>Record Loaded!
[Thread3]2022-11-17 09:29:26>>Schedule Clicked!
[Thread3]2022-11-17 09:29:26>>Schedule Loaded!
[Thread3]2022-11-17 09:29:35>>ToDo Clicked!
[Thread3]2022-11-17 09:29:35>>ToDo Loaded!
[Thread3]2022-11-17 09:29:54>>Schedule Loaded!
[Thread4]2022-11-17 09:29:55>>DBの圧縮を開始します。
[Thread4]2022-11-17 09:29:55>>DBバックアップ処理を開始します。
[Thread4]2022-11-17 09:29:55>>.\resources\db\AppSchd.db_bk03を削除しました。
[Thread4]2022-11-17 09:29:55>>.\resources\db\AppSchd.db_bk03を作成しました。
.\resources\db\AppSchd.db_bk02を削除しました。
[Thread4]2022-11-17 09:29:55>>.\resources\db\AppSchd.db_bk02を作成しました。
.\resources\db\AppSchd.db_bk01を削除しました。
[Thread4]2022-11-17 09:29:55>>.\resources\db\AppSchd.db_bk01を作成しました。
[Thread3]2022-11-17 09:30:06>>Record Clicked!
[Thread3]2022-11-17 09:30:06>>Record Loaded!
[Thread6]2022-11-17 09:30:11>>更新できません
[Thread3]2022-11-17 09:30:14>>ToDo Clicked!
[Thread3]2022-11-17 09:30:14>>ToDo Loaded!
[Thread6]2022-11-17 09:30:20>>Note Clicked!
[Thread6]2022-11-17 09:30:20>>Note Loaded!
[Thread7]2022-11-17 09:30:22>>Analysis Clicked!
[Thread7]2022-11-17 09:30:22>>Analysis Loaded!
[Thread7]2022-11-17 09:30:22>>Bin Clicked!
[Thread3]2022-11-17 09:30:26>>Bin Loaded!
[Thread3]2022-11-17 09:30:26>>Record Clicked!
[Thread3]2022-11-17 09:30:26>>Record Loaded!
[Thread7]2022-11-17 09:30:30>>更新できません
[Thread3]2022-11-17 09:30:40>>Schedule Clicked!
[Thread3]2022-11-17 09:30:40>>Schedule Loaded!
[Thread3]2022-11-17 09:30:42>>Record Clicked!
[Thread3]2022-11-17 09:30:42>>Record Loaded!
[Thread3]2022-11-17 09:30:45>>Bin Clicked!
[Thread3]2022-11-17 09:30:45>>Bin Loaded!
[Thread3]2022-11-17 09:30:49>>Record Clicked!
[Thread3]2022-11-17 09:30:49>>Record Loaded!
[Thread6]2022-11-17 09:31:00>>更新できません
[Thread3]2022-11-17 09:31:22>>Schedule Loaded!
[Thread3]2022-11-17 09:31:23>>DBの圧縮を開始します。
[Thread3]2022-11-17 09:31:23>>DBバックアップ処理を開始します。
[Thread3]2022-11-17 09:31:23>>.\resources\db\AppSchd.db_bk03を削除しました。
[Thread3]2022-11-17 09:31:23>>.\resources\db\AppSchd.db_bk03を作成しました。
.\resources\db\AppSchd.db_bk02を削除しました。
[Thread3]2022-11-17 09:31:23>>.\resources\db\AppSchd.db_bk02を作成しました。
.\resources\db\AppSchd.db_bk01を削除しました。
[Thread3]2022-11-17 09:31:23>>.\resources\db\AppSchd.db_bk01を作成しました。
[Thread3]2022-11-17 09:31:24>>Record Clicked!
[Thread3]2022-11-17 09:31:24>>Record Loaded!
[Thread3]2022-11-17 09:31:43>>更新できません
[Thread3]2022-11-17 09:32:39>>Schedule Loaded!
[Thread4]2022-11-17 09:32:40>>DBの圧縮を開始します。
[Thread4]2022-11-17 09:32:40>>DBバックアップ処理を開始します。
[Thread4]2022-11-17 09:32:40>>.\resources\db\AppSchd.db_bk03を削除しました。
[Thread4]2022-11-17 09:32:40>>.\resources\db\AppSchd.db_bk03を作成しました。
.\resources\db\AppSchd.db_bk02を削除しました。
[Thread4]2022-11-17 09:32:40>>.\resources\db\AppSchd.db_bk02を作成しました。
.\resources\db\AppSchd.db_bk01を削除しました。
[Thread4]2022-11-17 09:32:40>>.\resources\db\AppSchd.db_bk01を作成しました。
[Thread6]2022-11-17 09:32:41>>Record Clicked!
[Thread6]2022-11-17 09:32:41>>Record Loaded!
[Thread3]2022-11-17 09:34:40>>Schedule Loaded!
[Thread5]2022-11-17 09:34:41>>DBの圧縮を開始します。
[Thread5]2022-11-17 09:34:41>>DBバックアップ処理を開始します。
[Thread5]2022-11-17 09:34:41>>.\resources\db\AppSchd.db_bk03を削除しました。
[Thread5]2022-11-17 09:34:41>>.\resources\db\AppSchd.db_bk03を作成しました。
.\resources\db\AppSchd.db_bk02を削除しました。
[Thread5]2022-11-17 09:34:41>>.\resources\db\AppSchd.db_bk02を作成しました。
.\resources\db\AppSchd.db_bk01を削除しました。
[Thread5]2022-11-17 09:34:41>>.\resources\db\AppSchd.db_bk01を作成しました。
[Thread4]2022-11-17 09:34:42>>ToDo Clicked!
[Thread4]2022-11-17 09:34:42>>ToDo Loaded!
[Thread8]2022-11-17 09:34:42>>Schedule Clicked!
[Thread8]2022-11-17 09:34:42>>Schedule Loaded!
[Thread8]2022-11-17 09:34:42>>Record Clicked!
[Thread3]2022-11-17 11:06:37>>Schedule Loaded!
[Thread4]2022-11-17 11:06:37>>DBの圧縮を開始します。
[Thread4]2022-11-17 11:06:37>>DBバックアップ処理を開始します。
[Thread4]2022-11-17 11:06:37>>.\resources\db\AppSchd.db_bk03を削除しました。
[Thread4]2022-11-17 11:06:37>>.\resources\db\AppSchd.db_bk03を作成しました。
.\resources\db\AppSchd.db_bk02を削除しました。
[Thread4]2022-11-17 11:06:37>>.\resources\db\AppSchd.db_bk02を作成しました。
.\resources\db\AppSchd.db_bk01を削除しました。
[Thread4]2022-11-17 11:06:37>>.\resources\db\AppSchd.db_bk01を作成しました。
[Thread3]2022-11-17 11:06:46>>Record Clicked!
[Thread3]2022-11-17 11:30:09>>Schedule Loaded!
[Thread4]2022-11-17 11:30:10>>DBの圧縮を開始します。
[Thread4]2022-11-17 11:30:10>>DBバックアップ処理を開始します。
[Thread4]2022-11-17 11:30:10>>.\resources\db\AppSchd.db_bk03を削除しました。
[Thread4]2022-11-17 11:30:10>>.\resources\db\AppSchd.db_bk03を作成しました。
.\resources\db\AppSchd.db_bk02を削除しました。
[Thread4]2022-11-17 11:30:10>>.\resources\db\AppSchd.db_bk02を作成しました。
.\resources\db\AppSchd.db_bk01を削除しました。
[Thread4]2022-11-17 11:30:10>>.\resources\db\AppSchd.db_bk01を作成しました。
[Thread3]2022-11-17 11:31:21>>Schedule Loaded!
[Thread4]2022-11-17 11:31:22>>DBの圧縮を開始します。
[Thread4]2022-11-17 11:31:22>>DBバックアップ処理を開始します。
[Thread4]2022-11-17 11:31:22>>.\resources\db\AppSchd.db_bk03を削除しました。
[Thread4]2022-11-17 11:31:22>>.\resources\db\AppSchd.db_bk03を作成しました。
.\resources\db\AppSchd.db_bk02を削除しました。
[Thread4]2022-11-17 11:31:22>>.\resources\db\AppSchd.db_bk02を作成しました。
.\resources\db\AppSchd.db_bk01を削除しました。
[Thread4]2022-11-17 11:31:22>>.\resources\db\AppSchd.db_bk01を作成しました。
[Thread3]2022-11-17 11:31:26>>ToDo Clicked!
[Thread3]2022-11-17 11:31:26>>ToDo Loaded!
[Thread3]2022-11-17 11:31:27>>Schedule Clicked!
[Thread3]2022-11-17 11:31:27>>Schedule Loaded!
[Thread3]2022-11-17 11:42:19>>Schedule Loaded!
[Thread4]2022-11-17 11:42:20>>DBの圧縮を開始します。
[Thread4]2022-11-17 11:42:20>>DBバックアップ処理を開始します。
[Thread4]2022-11-17 11:42:20>>.\resources\db\AppSchd.db_bk03を削除しました。
[Thread4]2022-11-17 11:42:20>>.\resources\db\AppSchd.db_bk03を作成しました。
.\resources\db\AppSchd.db_bk02を削除しました。
[Thread4]2022-11-17 11:42:20>>.\resources\db\AppSchd.db_bk02を作成しました。
.\resources\db\AppSchd.db_bk01を削除しました。
[Thread4]2022-11-17 11:42:20>>.\resources\db\AppSchd.db_bk01を作成しました。
[Thread3]2022-11-17 11:42:22>>ToDo Clicked!
[Thread3]2022-11-17 11:42:22>>ToDo Loaded!
[Thread8]2022-11-17 11:42:23>>Schedule Clicked!
[Thread8]2022-11-17 11:42:23>>Schedule Loaded!
[Thread3]2022-11-17 11:42:45>>Bin Clicked!
[Thread3]2022-11-17 11:42:45>>Bin Loaded!
[Thread4]2022-11-17 11:42:50>>ToDo Clicked!
[Thread4]2022-11-17 11:42:50>>ToDo Loaded!
[Thread4]2022-11-17 11:42:50>>Schedule Clicked!
[Thread4]2022-11-17 11:42:50>>Schedule Loaded!
[Thread3]2022-11-17 11:44:08>>Schedule Loaded!
[Thread4]2022-11-17 11:44:09>>DBの圧縮を開始します。
[Thread4]2022-11-17 11:44:09>>DBバックアップ処理を開始します。
[Thread4]2022-11-17 11:44:09>>.\resources\db\AppSchd.db_bk03を削除しました。
[Thread4]2022-11-17 11:44:09>>.\resources\db\AppSchd.db_bk03を作成しました。
.\resources\db\AppSchd.db_bk02を削除しました。
[Thread4]2022-11-17 11:44:09>>.\resources\db\AppSchd.db_bk02を作成しました。
.\resources\db\AppSchd.db_bk01を削除しました。
[Thread4]2022-11-17 11:44:09>>.\resources\db\AppSchd.db_bk01を作成しました。
[Thread3]2022-11-17 11:53:08>>Schedule Loaded!
[Thread5]2022-11-17 11:53:09>>DBの圧縮を開始します。
[Thread5]2022-11-17 11:53:09>>DBバックアップ処理を開始します。
[Thread5]2022-11-17 11:53:09>>.\resources\db\AppSchd.db_bk03を削除しました。
[Thread5]2022-11-17 11:53:09>>.\resources\db\AppSchd.db_bk03を作成しました。
.\resources\db\AppSchd.db_bk02を削除しました。
[Thread5]2022-11-17 11:53:09>>.\resources\db\AppSchd.db_bk02を作成しました。
.\resources\db\AppSchd.db_bk01を削除しました。
[Thread5]2022-11-17 11:53:09>>.\resources\db\AppSchd.db_bk01を作成しました。
[Thread6]2022-11-17 11:53:10>>Note Clicked!
[Thread6]2022-11-17 11:53:10>>Note Loaded!
[Thread3]2022-11-17 11:53:11>>Analysis Clicked!
[Thread3]2022-11-17 11:53:11>>Analysis Loaded!
[Thread5]2022-11-17 11:53:12>>Note Clicked!
[Thread5]2022-11-17 11:53:12>>Note Loaded!
[Thread3]2022-11-17 11:53:14>>ToDo Clicked!
[Thread3]2022-11-17 11:53:14>>ToDo Loaded!
[Thread3]2022-11-17 11:53:18>>SQL logic error
near "GOALVISIBLESTATUS": syntax error
[Thread3]2022-11-17 11:53:36>>Schedule Loaded!
[Thread4]2022-11-17 11:53:36>>DBの圧縮を開始します。
[Thread4]2022-11-17 11:53:36>>DBバックアップ処理を開始します。
[Thread4]2022-11-17 11:53:36>>.\resources\db\AppSchd.db_bk03を削除しました。
[Thread4]2022-11-17 11:53:36>>.\resources\db\AppSchd.db_bk03を作成しました。
.\resources\db\AppSchd.db_bk02を削除しました。
[Thread4]2022-11-17 11:53:36>>.\resources\db\AppSchd.db_bk02を作成しました。
.\resources\db\AppSchd.db_bk01を削除しました。
[Thread4]2022-11-17 11:53:36>>.\resources\db\AppSchd.db_bk01を作成しました。
[Thread5]2022-11-17 11:53:37>>Note Clicked!
[Thread5]2022-11-17 11:53:37>>Note Loaded!
[Thread7]2022-11-17 11:53:39>>ToDo Clicked!
[Thread7]2022-11-17 11:53:39>>ToDo Loaded!
[Thread6]2022-11-17 11:53:55>>Note Clicked!
[Thread6]2022-11-17 11:53:55>>Note Loaded!
[Thread3]2022-11-17 01:47:05>>Schedule Loaded!
[Thread4]2022-11-17 01:47:06>>DBの圧縮を開始します。
[Thread4]2022-11-17 01:47:06>>DBバックアップ処理を開始します。
[Thread4]2022-11-17 01:47:06>>.\resources\db\AppSchd.db_bk03を削除しました。
[Thread4]2022-11-17 01:47:06>>.\resources\db\AppSchd.db_bk03を作成しました。
.\resources\db\AppSchd.db_bk02を削除しました。
[Thread4]2022-11-17 01:47:06>>.\resources\db\AppSchd.db_bk02を作成しました。
.\resources\db\AppSchd.db_bk01を削除しました。
[Thread4]2022-11-17 01:47:06>>.\resources\db\AppSchd.db_bk01を作成しました。
[Thread6]2022-11-17 01:47:07>>ToDo Clicked!
[Thread6]2022-11-17 01:47:07>>ToDo Loaded!
[Thread5]2022-11-17 01:47:08>>Schedule Clicked!
[Thread5]2022-11-17 01:47:08>>Schedule Loaded!
[Thread3]2022-11-17 02:50:31>>Schedule Loaded!
[Thread5]2022-11-17 02:50:32>>DBの圧縮を開始します。
[Thread5]2022-11-17 02:50:32>>DBバックアップ処理を開始します。
[Thread5]2022-11-17 02:50:32>>.\resources\db\AppSchd.db_bk03を削除しました。
[Thread5]2022-11-17 02:50:32>>.\resources\db\AppSchd.db_bk03を作成しました。
.\resources\db\AppSchd.db_bk02を削除しました。
[Thread5]2022-11-17 02:50:32>>.\resources\db\AppSchd.db_bk02を作成しました。
.\resources\db\AppSchd.db_bk01を削除しました。
[Thread5]2022-11-17 02:50:32>>.\resources\db\AppSchd.db_bk01を作成しました。
[Thread7]2022-11-17 02:50:55>>Bin Clicked!
[Thread7]2022-11-17 02:50:55>>Bin Loaded!
[Thread3]2022-11-17 04:05:54>>Schedule Loaded!
[Thread3]2022-11-17 04:05:55>>DBの圧縮を開始します。
[Thread3]2022-11-17 04:05:55>>DBバックアップ処理を開始します。
[Thread3]2022-11-17 04:05:55>>.\resources\db\AppSchd.db_bk03を削除しました。
[Thread3]2022-11-17 04:05:55>>.\resources\db\AppSchd.db_bk03を作成しました。
.\resources\db\AppSchd.db_bk02を削除しました。
[Thread3]2022-11-17 04:05:55>>.\resources\db\AppSchd.db_bk02を作成しました。
.\resources\db\AppSchd.db_bk01を削除しました。
[Thread3]2022-11-17 04:05:55>>.\resources\db\AppSchd.db_bk01を作成しました。
[Thread9]2022-11-17 04:05:55>>ToDo Clicked!
[Thread9]2022-11-17 04:05:55>>ToDo Loaded!
[Thread7]2022-11-17 04:05:56>>Schedule Clicked!
[Thread7]2022-11-17 04:05:56>>Schedule Loaded!
[Thread3]2022-11-17 04:09:05>>Schedule Loaded!
[Thread8]2022-11-17 04:09:06>>DBの圧縮を開始します。
[Thread8]2022-11-17 04:09:06>>DBバックアップ処理を開始します。
[Thread8]2022-11-17 04:09:06>>.\resources\db\AppSchd.db_bk03を削除しました。
[Thread8]2022-11-17 04:09:06>>.\resources\db\AppSchd.db_bk03を作成しました。
.\resources\db\AppSchd.db_bk02を削除しました。
[Thread8]2022-11-17 04:09:06>>.\resources\db\AppSchd.db_bk02を作成しました。
.\resources\db\AppSchd.db_bk01を削除しました。
[Thread8]2022-11-17 04:09:06>>.\resources\db\AppSchd.db_bk01を作成しました。
[Thread3]2022-11-17 04:09:55>>Schedule Loaded!
[Thread3]2022-11-17 04:09:55>>DBの圧縮を開始します。
[Thread3]2022-11-17 04:09:55>>DBバックアップ処理を開始します。
[Thread5]2022-11-17 04:09:55>>.\resources\db\AppSchd.db_bk03を削除しました。
[Thread5]2022-11-17 04:09:55>>.\resources\db\AppSchd.db_bk03を作成しました。
.\resources\db\AppSchd.db_bk02を削除しました。
[Thread5]2022-11-17 04:09:55>>.\resources\db\AppSchd.db_bk02を作成しました。
.\resources\db\AppSchd.db_bk01を削除しました。
[Thread5]2022-11-17 04:09:55>>.\resources\db\AppSchd.db_bk01を作成しました。
[Thread3]2022-11-17 04:21:32>>Schedule Loaded!
[Thread3]2022-11-17 04:21:32>>DBの圧縮を開始します。
[Thread3]2022-11-17 04:21:32>>DBバックアップ処理を開始します。
[Thread3]2022-11-17 04:21:32>>.\resources\db\AppSchd.db_bk03を削除しました。
[Thread3]2022-11-17 04:21:32>>.\resources\db\AppSchd.db_bk03を作成しました。
.\resources\db\AppSchd.db_bk02を削除しました。
[Thread3]2022-11-17 04:21:32>>.\resources\db\AppSchd.db_bk02を作成しました。
.\resources\db\AppSchd.db_bk01を削除しました。
[Thread3]2022-11-17 04:21:32>>.\resources\db\AppSchd.db_bk01を作成しました。
[Thread3]2022-11-17 04:28:48>>Schedule Loaded!
[Thread5]2022-11-17 04:28:49>>DBの圧縮を開始します。
[Thread5]2022-11-17 04:28:49>>DBバックアップ処理を開始します。
[Thread5]2022-11-17 04:28:49>>.\resources\db\AppSchd.db_bk03を削除しました。
[Thread5]2022-11-17 04:28:49>>.\resources\db\AppSchd.db_bk03を作成しました。
.\resources\db\AppSchd.db_bk02を削除しました。
[Thread5]2022-11-17 04:28:49>>.\resources\db\AppSchd.db_bk02を作成しました。
.\resources\db\AppSchd.db_bk01を削除しました。
[Thread5]2022-11-17 04:28:49>>.\resources\db\AppSchd.db_bk01を作成しました。
[Thread4]2022-11-17 04:28:50>>Note Clicked!
[Thread4]2022-11-17 04:28:50>>Note Loaded!
[Thread3]2022-11-17 04:32:04>>Schedule Loaded!
[Thread3]2022-11-17 04:32:04>>DBの圧縮を開始します。
[Thread3]2022-11-17 04:32:04>>DBバックアップ処理を開始します。
[Thread3]2022-11-17 04:32:04>>.\resources\db\AppSchd.db_bk03を削除しました。
[Thread3]2022-11-17 04:32:04>>.\resources\db\AppSchd.db_bk03を作成しました。
.\resources\db\AppSchd.db_bk02を削除しました。
[Thread3]2022-11-17 04:32:04>>.\resources\db\AppSchd.db_bk02を作成しました。
.\resources\db\AppSchd.db_bk01を削除しました。
[Thread3]2022-11-17 04:32:04>>.\resources\db\AppSchd.db_bk01を作成しました。
[Thread6]2022-11-17 04:32:05>>Bin Clicked!
[Thread6]2022-11-17 04:32:05>>Bin Loaded!
[Thread3]2022-11-17 04:32:08>>System.IndexOutOfRangeException: インデックスが配列の境界外です。
   場所 Bin.BinStorage.ThisApplicationLoad.DataLoad() 場所 E:\03.C#\01.AppSchd\AppSchd\Bin\BinStorage.cs:行 214
   場所 Bin.BinStorage.BinStorage_Load(Object sender, EventArgs e) 場所 E:\03.C#\01.AppSchd\AppSchd\Bin\BinStorage.cs:行 233
   場所 System.Windows.Forms.UserControl.OnLoad(EventArgs e)
   場所 System.Windows.Forms.Control.CreateControl(Boolean fIgnoreVisible)
   場所 System.Windows.Forms.Control.CreateControl()
   場所 System.Windows.Forms.Control.ControlCollection.Add(Control value)
   場所 Bin.BinBin.ThisApplicationLoad.CreateRecord(Label l, Panel p, String FunctionName) 場所 E:\03.C#\01.AppSchd\AppSchd\Bin\BinBin.cs:行 40
   場所 Bin.BinBin.BinBin_Load(Object sender, EventArgs e) 場所 E:\03.C#\01.AppSchd\AppSchd\Bin\BinBin.cs:行 47
   場所 System.Windows.Forms.UserControl.OnLoad(EventArgs e)
   場所 System.Windows.Forms.Control.CreateControl(Boolean fIgnoreVisible)
   場所 System.Windows.Forms.Control.CreateControl()
   場所 System.Windows.Forms.Control.ControlCollection.Add(Control value)
   場所 Bin.Bin.MainClassExec(Panel MainPanel) 場所 E:\03.C#\01.AppSchd\AppSchd\Bin\Bin.cs:行 47
   場所 System.Dynamic.UpdateDelegates.UpdateAndExecuteVoid2[T0,T1](CallSite site, T0 arg0, T1 arg1)
   場所 AppSchd.AppSchd.ThisApplicationSetup.CreateButton_LoadDll(Panel p, String FunctionName) 場所 E:\03.C#\01.AppSchd\AppSchd\AppSchd\AppSchd.cs:行 32
[Thread3]2022-11-17 04:33:35>>Schedule Loaded!
[Thread6]2022-11-17 04:33:36>>DBの圧縮を開始します。
[Thread6]2022-11-17 04:33:36>>DBバックアップ処理を開始します。
[Thread6]2022-11-17 04:33:36>>.\resources\db\AppSchd.db_bk03を削除しました。
[Thread6]2022-11-17 04:33:36>>.\resources\db\AppSchd.db_bk03を作成しました。
.\resources\db\AppSchd.db_bk02を削除しました。
[Thread6]2022-11-17 04:33:36>>.\resources\db\AppSchd.db_bk02を作成しました。
.\resources\db\AppSchd.db_bk01を削除しました。
[Thread6]2022-11-17 04:33:36>>.\resources\db\AppSchd.db_bk01を作成しました。
[Thread3]2022-11-17 04:33:36>>Note Clicked!
[Thread3]2022-11-17 04:33:36>>Note Loaded!
[Thread8]2022-11-17 04:33:37>>Bin Clicked!
[Thread8]2022-11-17 04:33:37>>Bin Loaded!
[Thread3]2022-11-17 04:33:39>>System.IndexOutOfRangeException: インデックスが配列の境界外です。
   場所 Bin.BinStorage.ThisApplicationLoad.DataLoad() 場所 E:\03.C#\01.AppSchd\AppSchd\Bin\BinStorage.cs:行 214
   場所 Bin.BinStorage.BinStorage_Load(Object sender, EventArgs e) 場所 E:\03.C#\01.AppSchd\AppSchd\Bin\BinStorage.cs:行 233
   場所 System.Windows.Forms.UserControl.OnLoad(EventArgs e)
   場所 System.Windows.Forms.Control.CreateControl(Boolean fIgnoreVisible)
   場所 System.Windows.Forms.Control.CreateControl()
   場所 System.Windows.Forms.Control.ControlCollection.Add(Control value)
   場所 Bin.BinBin.ThisApplicationLoad.CreateRecord(Label l, Panel p, String FunctionName) 場所 E:\03.C#\01.AppSchd\AppSchd\Bin\BinBin.cs:行 40
   場所 Bin.BinBin.BinBin_Load(Object sender, EventArgs e) 場所 E:\03.C#\01.AppSchd\AppSchd\Bin\BinBin.cs:行 47
   場所 System.Windows.Forms.UserControl.OnLoad(EventArgs e)
   場所 System.Windows.Forms.Control.CreateControl(Boolean fIgnoreVisible)
   場所 System.Windows.Forms.Control.CreateControl()
   場所 System.Windows.Forms.Control.ControlCollection.Add(Control value)
   場所 Bin.Bin.MainClassExec(Panel MainPanel) 場所 E:\03.C#\01.AppSchd\AppSchd\Bin\Bin.cs:行 47
   場所 System.Dynamic.UpdateDelegates.UpdateAndExecuteVoid2[T0,T1](CallSite site, T0 arg0, T1 arg1)
   場所 AppSchd.AppSchd.ThisApplicationSetup.CreateButton_LoadDll(Panel p, String FunctionName) 場所 E:\03.C#\01.AppSchd\AppSchd\AppSchd\AppSchd.cs:行 32
[Thread3]2022-11-17 04:33:49>>Schedule Loaded!
[Thread5]2022-11-17 04:33:49>>DBの圧縮を開始します。
[Thread5]2022-11-17 04:33:49>>DBバックアップ処理を開始します。
[Thread5]2022-11-17 04:33:49>>.\resources\db\AppSchd.db_bk03を削除しました。
[Thread5]2022-11-17 04:33:49>>.\resources\db\AppSchd.db_bk03を作成しました。
.\resources\db\AppSchd.db_bk02を削除しました。
[Thread5]2022-11-17 04:33:49>>.\resources\db\AppSchd.db_bk02を作成しました。
.\resources\db\AppSchd.db_bk01を削除しました。
[Thread5]2022-11-17 04:33:49>>.\resources\db\AppSchd.db_bk01を作成しました。
[Thread6]2022-11-17 04:33:50>>Bin Clicked!
[Thread6]2022-11-17 04:33:50>>Bin Loaded!
[Thread3]2022-11-17 04:33:53>>System.IndexOutOfRangeException: インデックスが配列の境界外です。
   場所 Bin.BinStorage.ThisApplicationLoad.DataLoad() 場所 E:\03.C#\01.AppSchd\AppSchd\Bin\BinStorage.cs:行 214
   場所 Bin.BinStorage.BinStorage_Load(Object sender, EventArgs e) 場所 E:\03.C#\01.AppSchd\AppSchd\Bin\BinStorage.cs:行 233
   場所 System.Windows.Forms.UserControl.OnLoad(EventArgs e)
   場所 System.Windows.Forms.Control.CreateControl(Boolean fIgnoreVisible)
   場所 System.Windows.Forms.Control.CreateControl()
   場所 System.Windows.Forms.Control.ControlCollection.Add(Control value)
   場所 Bin.BinBin.ThisApplicationLoad.CreateRecord(Label l, Panel p, String FunctionName) 場所 E:\03.C#\01.AppSchd\AppSchd\Bin\BinBin.cs:行 40
   場所 Bin.BinBin.BinBin_Load(Object sender, EventArgs e) 場所 E:\03.C#\01.AppSchd\AppSchd\Bin\BinBin.cs:行 47
   場所 System.Windows.Forms.UserControl.OnLoad(EventArgs e)
   場所 System.Windows.Forms.Control.CreateControl(Boolean fIgnoreVisible)
   場所 System.Windows.Forms.Control.CreateControl()
   場所 System.Windows.Forms.Control.ControlCollection.Add(Control value)
   場所 Bin.Bin.MainClassExec(Panel MainPanel) 場所 E:\03.C#\01.AppSchd\AppSchd\Bin\Bin.cs:行 47
   場所 System.Dynamic.UpdateDelegates.UpdateAndExecuteVoid2[T0,T1](CallSite site, T0 arg0, T1 arg1)
   場所 AppSchd.AppSchd.ThisApplicationSetup.CreateButton_LoadDll(Panel p, String FunctionName) 場所 E:\03.C#\01.AppSchd\AppSchd\AppSchd\AppSchd.cs:行 32
[Thread3]2022-11-17 04:36:07>>Schedule Loaded!
[Thread3]2022-11-17 04:36:07>>DBの圧縮を開始します。
[Thread3]2022-11-17 04:36:07>>DBバックアップ処理を開始します。
[Thread7]2022-11-17 04:36:08>>.\resources\db\AppSchd.db_bk03を削除しました。
[Thread7]2022-11-17 04:36:08>>.\resources\db\AppSchd.db_bk03を作成しました。
.\resources\db\AppSchd.db_bk02を削除しました。
[Thread7]2022-11-17 04:36:08>>.\resources\db\AppSchd.db_bk02を作成しました。
.\resources\db\AppSchd.db_bk01を削除しました。
[Thread7]2022-11-17 04:36:08>>.\resources\db\AppSchd.db_bk01を作成しました。
[Thread3]2022-11-17 04:36:38>>Schedule Loaded!
[Thread5]2022-11-17 04:36:39>>DBの圧縮を開始します。
[Thread5]2022-11-17 04:36:39>>DBバックアップ処理を開始します。
[Thread5]2022-11-17 04:36:39>>.\resources\db\AppSchd.db_bk03を削除しました。
[Thread5]2022-11-17 04:36:39>>.\resources\db\AppSchd.db_bk03を作成しました。
.\resources\db\AppSchd.db_bk02を削除しました。
[Thread5]2022-11-17 04:36:39>>.\resources\db\AppSchd.db_bk02を作成しました。
.\resources\db\AppSchd.db_bk01を削除しました。
[Thread5]2022-11-17 04:36:39>>.\resources\db\AppSchd.db_bk01を作成しました。
[Thread6]2022-11-17 04:36:40>>Bin Clicked!
[Thread6]2022-11-17 04:36:40>>Bin Loaded!
[Thread3]2022-11-17 04:36:44>>System.IndexOutOfRangeException: インデックスが配列の境界外です。
   場所 Bin.BinStorage.ThisApplicationLoad.DataLoad() 場所 E:\03.C#\01.AppSchd\AppSchd\Bin\BinStorage.cs:行 214
   場所 Bin.BinStorage.BinStorage_Load(Object sender, EventArgs e) 場所 E:\03.C#\01.AppSchd\AppSchd\Bin\BinStorage.cs:行 233
   場所 System.Windows.Forms.UserControl.OnLoad(EventArgs e)
   場所 System.Windows.Forms.Control.CreateControl(Boolean fIgnoreVisible)
   場所 System.Windows.Forms.Control.CreateControl()
   場所 System.Windows.Forms.Control.ControlCollection.Add(Control value)
   場所 Bin.BinBin.ThisApplicationLoad.CreateRecord(Label l, Panel p, String FunctionName) 場所 E:\03.C#\01.AppSchd\AppSchd\Bin\BinBin.cs:行 40
   場所 Bin.BinBin.BinBin_Load(Object sender, EventArgs e) 場所 E:\03.C#\01.AppSchd\AppSchd\Bin\BinBin.cs:行 47
   場所 System.Windows.Forms.UserControl.OnLoad(EventArgs e)
   場所 System.Windows.Forms.Control.CreateControl(Boolean fIgnoreVisible)
   場所 System.Windows.Forms.Control.CreateControl()
   場所 System.Windows.Forms.Control.ControlCollection.Add(Control value)
   場所 Bin.Bin.MainClassExec(Panel MainPanel) 場所 E:\03.C#\01.AppSchd\AppSchd\Bin\Bin.cs:行 47
   場所 System.Dynamic.UpdateDelegates.UpdateAndExecuteVoid2[T0,T1](CallSite site, T0 arg0, T1 arg1)
   場所 AppSchd.AppSchd.ThisApplicationSetup.CreateButton_LoadDll(Panel p, String FunctionName) 場所 E:\03.C#\01.AppSchd\AppSchd\AppSchd\AppSchd.cs:行 32
[Thread3]2022-11-17 04:38:09>>Schedule Loaded!
[Thread5]2022-11-17 04:38:10>>DBの圧縮を開始します。
[Thread5]2022-11-17 04:38:10>>DBバックアップ処理を開始します。
[Thread5]2022-11-17 04:38:10>>.\resources\db\AppSchd.db_bk03を削除しました。
[Thread5]2022-11-17 04:38:10>>.\resources\db\AppSchd.db_bk03を作成しました。
.\resources\db\AppSchd.db_bk02を削除しました。
[Thread5]2022-11-17 04:38:10>>.\resources\db\AppSchd.db_bk02を作成しました。
.\resources\db\AppSchd.db_bk01を削除しました。
[Thread5]2022-11-17 04:38:10>>.\resources\db\AppSchd.db_bk01を作成しました。
[Thread6]2022-11-17 04:38:10>>Bin Clicked!
[Thread6]2022-11-17 04:38:10>>Bin Loaded!
[Thread3]2022-11-17 04:38:14>>System.IndexOutOfRangeException: インデックスが配列の境界外です。
   場所 Bin.BinStorage.ThisApplicationLoad.DataLoad() 場所 E:\03.C#\01.AppSchd\AppSchd\Bin\BinStorage.cs:行 214
   場所 Bin.BinStorage.BinStorage_Load(Object sender, EventArgs e) 場所 E:\03.C#\01.AppSchd\AppSchd\Bin\BinStorage.cs:行 233
   場所 System.Windows.Forms.UserControl.OnLoad(EventArgs e)
   場所 System.Windows.Forms.Control.CreateControl(Boolean fIgnoreVisible)
   場所 System.Windows.Forms.Control.CreateControl()
   場所 System.Windows.Forms.Control.ControlCollection.Add(Control value)
   場所 Bin.BinBin.ThisApplicationLoad.CreateRecord(Label l, Panel p, String FunctionName) 場所 E:\03.C#\01.AppSchd\AppSchd\Bin\BinBin.cs:行 40
   場所 Bin.BinBin.BinBin_Load(Object sender, EventArgs e) 場所 E:\03.C#\01.AppSchd\AppSchd\Bin\BinBin.cs:行 47
   場所 System.Windows.Forms.UserControl.OnLoad(EventArgs e)
   場所 System.Windows.Forms.Control.CreateControl(Boolean fIgnoreVisible)
   場所 System.Windows.Forms.Control.CreateControl()
   場所 System.Windows.Forms.Control.ControlCollection.Add(Control value)
   場所 Bin.Bin.MainClassExec(Panel MainPanel) 場所 E:\03.C#\01.AppSchd\AppSchd\Bin\Bin.cs:行 47
   場所 System.Dynamic.UpdateDelegates.UpdateAndExecuteVoid2[T0,T1](CallSite site, T0 arg0, T1 arg1)
   場所 AppSchd.AppSchd.ThisApplicationSetup.CreateButton_LoadDll(Panel p, String FunctionName) 場所 E:\03.C#\01.AppSchd\AppSchd\AppSchd\AppSchd.cs:行 32
[Thread3]2022-11-17 04:38:39>>Schedule Loaded!
[Thread6]2022-11-17 04:38:39>>DBの圧縮を開始します。
[Thread6]2022-11-17 04:38:39>>DBバックアップ処理を開始します。
[Thread6]2022-11-17 04:38:39>>.\resources\db\AppSchd.db_bk03を削除しました。
[Thread6]2022-11-17 04:38:39>>.\resources\db\AppSchd.db_bk03を作成しました。
.\resources\db\AppSchd.db_bk02を削除しました。
[Thread6]2022-11-17 04:38:39>>.\resources\db\AppSchd.db_bk02を作成しました。
.\resources\db\AppSchd.db_bk01を削除しました。
[Thread6]2022-11-17 04:38:39>>.\resources\db\AppSchd.db_bk01を作成しました。
[Thread3]2022-11-17 04:38:40>>Bin Clicked!
[Thread3]2022-11-17 04:38:40>>Bin Loaded!
[Thread3]2022-11-17 04:38:43>>System.IndexOutOfRangeException: インデックスが配列の境界外です。
   場所 Bin.BinStorage.ThisApplicationLoad.DataLoad() 場所 E:\03.C#\01.AppSchd\AppSchd\Bin\BinStorage.cs:行 214
   場所 Bin.BinStorage.BinStorage_Load(Object sender, EventArgs e) 場所 E:\03.C#\01.AppSchd\AppSchd\Bin\BinStorage.cs:行 233
   場所 System.Windows.Forms.UserControl.OnLoad(EventArgs e)
   場所 System.Windows.Forms.Control.CreateControl(Boolean fIgnoreVisible)
   場所 System.Windows.Forms.Control.CreateControl()
   場所 System.Windows.Forms.Control.ControlCollection.Add(Control value)
   場所 Bin.BinBin.ThisApplicationLoad.CreateRecord(Label l, Panel p, String FunctionName) 場所 E:\03.C#\01.AppSchd\AppSchd\Bin\BinBin.cs:行 40
   場所 Bin.BinBin.BinBin_Load(Object sender, EventArgs e) 場所 E:\03.C#\01.AppSchd\AppSchd\Bin\BinBin.cs:行 47
   場所 System.Windows.Forms.UserControl.OnLoad(EventArgs e)
   場所 System.Windows.Forms.Control.CreateControl(Boolean fIgnoreVisible)
   場所 System.Windows.Forms.Control.CreateControl()
   場所 System.Windows.Forms.Control.ControlCollection.Add(Control value)
   場所 Bin.Bin.MainClassExec(Panel MainPanel) 場所 E:\03.C#\01.AppSchd\AppSchd\Bin\Bin.cs:行 47
   場所 System.Dynamic.UpdateDelegates.UpdateAndExecuteVoid2[T0,T1](CallSite site, T0 arg0, T1 arg1)
   場所 AppSchd.AppSchd.ThisApplicationSetup.CreateButton_LoadDll(Panel p, String FunctionName) 場所 E:\03.C#\01.AppSchd\AppSchd\AppSchd\AppSchd.cs:行 32
[Thread3]2022-11-17 04:39:00>>Schedule Loaded!
[Thread6]2022-11-17 04:39:01>>DBの圧縮を開始します。
[Thread6]2022-11-17 04:39:01>>DBバックアップ処理を開始します。
[Thread6]2022-11-17 04:39:01>>.\resources\db\AppSchd.db_bk03を削除しました。
[Thread6]2022-11-17 04:39:01>>.\resources\db\AppSchd.db_bk03を作成しました。
.\resources\db\AppSchd.db_bk02を削除しました。
[Thread6]2022-11-17 04:39:01>>.\resources\db\AppSchd.db_bk02を作成しました。
.\resources\db\AppSchd.db_bk01を削除しました。
[Thread6]2022-11-17 04:39:01>>.\resources\db\AppSchd.db_bk01を作成しました。
[Thread5]2022-11-17 04:39:02>>Bin Clicked!
[Thread5]2022-11-17 04:39:02>>Bin Loaded!
[Thread3]2022-11-17 04:39:24>>Schedule Loaded!
[Thread3]2022-11-17 04:39:24>>DBの圧縮を開始します。
[Thread6]2022-11-17 04:39:24>>DBバックアップ処理を開始します。
[Thread6]2022-11-17 04:39:24>>.\resources\db\AppSchd.db_bk03を削除しました。
[Thread6]2022-11-17 04:39:24>>.\resources\db\AppSchd.db_bk03を作成しました。
.\resources\db\AppSchd.db_bk02を削除しました。
[Thread6]2022-11-17 04:39:24>>.\resources\db\AppSchd.db_bk02を作成しました。
.\resources\db\AppSchd.db_bk01を削除しました。
[Thread6]2022-11-17 04:39:24>>.\resources\db\AppSchd.db_bk01を作成しました。
[Thread4]2022-11-17 04:39:25>>Bin Clicked!
[Thread4]2022-11-17 04:39:25>>Bin Loaded!
[Thread3]2022-11-17 04:39:47>>Schedule Loaded!
[Thread3]2022-11-17 04:39:47>>DBの圧縮を開始します。
[Thread3]2022-11-17 04:39:47>>DBバックアップ処理を開始します。
[Thread3]2022-11-17 04:39:47>>.\resources\db\AppSchd.db_bk03を削除しました。
[Thread3]2022-11-17 04:39:47>>.\resources\db\AppSchd.db_bk03を作成しました。
.\resources\db\AppSchd.db_bk02を削除しました。
[Thread3]2022-11-17 04:39:47>>.\resources\db\AppSchd.db_bk02を作成しました。
.\resources\db\AppSchd.db_bk01を削除しました。
[Thread3]2022-11-17 04:39:47>>.\resources\db\AppSchd.db_bk01を作成しました。
[Thread6]2022-11-17 04:39:48>>Bin Clicked!
[Thread6]2022-11-17 04:39:48>>Bin Loaded!
[Thread3]2022-11-17 04:40:04>>Schedule Loaded!
[Thread7]2022-11-17 04:40:05>>DBの圧縮を開始します。
[Thread7]2022-11-17 04:40:05>>DBバックアップ処理を開始します。
[Thread7]2022-11-17 04:40:05>>.\resources\db\AppSchd.db_bk03を削除しました。
[Thread7]2022-11-17 04:40:05>>.\resources\db\AppSchd.db_bk03を作成しました。
.\resources\db\AppSchd.db_bk02を削除しました。
[Thread7]2022-11-17 04:40:05>>.\resources\db\AppSchd.db_bk02を作成しました。
.\resources\db\AppSchd.db_bk01を削除しました。
[Thread7]2022-11-17 04:40:05>>.\resources\db\AppSchd.db_bk01を作成しました。
[Thread7]2022-11-17 04:40:05>>Bin Clicked!
[Thread3]2022-11-17 04:40:06>>Bin Loaded!
[Thread3]2022-11-17 04:40:12>>Schedule Loaded!
[Thread3]2022-11-17 04:40:12>>DBの圧縮を開始します。
[Thread3]2022-11-17 04:40:12>>DBバックアップ処理を開始します。
[Thread3]2022-11-17 04:40:12>>.\resources\db\AppSchd.db_bk03を削除しました。
[Thread3]2022-11-17 04:40:12>>.\resources\db\AppSchd.db_bk03を作成しました。
.\resources\db\AppSchd.db_bk02を削除しました。
[Thread3]2022-11-17 04:40:12>>.\resources\db\AppSchd.db_bk02を作成しました。
.\resources\db\AppSchd.db_bk01を削除しました。
[Thread3]2022-11-17 04:40:12>>.\resources\db\AppSchd.db_bk01を作成しました。
[Thread5]2022-11-17 04:40:13>>Bin Clicked!
[Thread5]2022-11-17 04:40:13>>Bin Loaded!
[Thread3]2022-11-17 04:42:18>>Schedule Loaded!
[Thread7]2022-11-17 04:42:18>>DBの圧縮を開始します。
[Thread7]2022-11-17 04:42:18>>DBバックアップ処理を開始します。
[Thread7]2022-11-17 04:42:18>>.\resources\db\AppSchd.db_bk03を削除しました。
[Thread7]2022-11-17 04:42:18>>.\resources\db\AppSchd.db_bk03を作成しました。
.\resources\db\AppSchd.db_bk02を削除しました。
[Thread7]2022-11-17 04:42:18>>.\resources\db\AppSchd.db_bk02を作成しました。
.\resources\db\AppSchd.db_bk01を削除しました。
[Thread7]2022-11-17 04:42:18>>.\resources\db\AppSchd.db_bk01を作成しました。
[Thread5]2022-11-17 04:42:19>>Bin Clicked!
[Thread5]2022-11-17 04:42:19>>Bin Loaded!
[Thread3]2022-11-17 04:42:21>>System.IndexOutOfRangeException: インデックスが配列の境界外です。
   場所 Bin.BinStorage.ThisApplicationLoad.DataLoad() 場所 E:\03.C#\01.AppSchd\AppSchd\Bin\BinStorage.cs:行 214
   場所 Bin.BinStorage.BinStorage_Load(Object sender, EventArgs e) 場所 E:\03.C#\01.AppSchd\AppSchd\Bin\BinStorage.cs:行 233
   場所 System.Windows.Forms.UserControl.OnLoad(EventArgs e)
   場所 System.Windows.Forms.Control.CreateControl(Boolean fIgnoreVisible)
   場所 System.Windows.Forms.Control.CreateControl()
   場所 System.Windows.Forms.Control.ControlCollection.Add(Control value)
   場所 Bin.BinBin.ThisApplicationLoad.CreateRecord(Label l, Panel p, String FunctionName) 場所 E:\03.C#\01.AppSchd\AppSchd\Bin\BinBin.cs:行 40
   場所 Bin.BinBin.BinBin_Load(Object sender, EventArgs e) 場所 E:\03.C#\01.AppSchd\AppSchd\Bin\BinBin.cs:行 47
   場所 System.Windows.Forms.UserControl.OnLoad(EventArgs e)
   場所 System.Windows.Forms.Control.CreateControl(Boolean fIgnoreVisible)
   場所 System.Windows.Forms.Control.CreateControl()
   場所 System.Windows.Forms.Control.ControlCollection.Add(Control value)
   場所 Bin.Bin.MainClassExec(Panel MainPanel) 場所 E:\03.C#\01.AppSchd\AppSchd\Bin\Bin.cs:行 47
   場所 System.Dynamic.UpdateDelegates.UpdateAndExecuteVoid2[T0,T1](CallSite site, T0 arg0, T1 arg1)
   場所 AppSchd.AppSchd.ThisApplicationSetup.CreateButton_LoadDll(Panel p, String FunctionName) 場所 E:\03.C#\01.AppSchd\AppSchd\AppSchd\AppSchd.cs:行 32
[Thread3]2022-11-17 04:43:26>>Schedule Loaded!
[Thread3]2022-11-17 04:43:26>>DBの圧縮を開始します。
[Thread3]2022-11-17 04:43:26>>DBバックアップ処理を開始します。
[Thread3]2022-11-17 04:43:26>>.\resources\db\AppSchd.db_bk03を削除しました。
[Thread3]2022-11-17 04:43:26>>.\resources\db\AppSchd.db_bk03を作成しました。
.\resources\db\AppSchd.db_bk02を削除しました。
[Thread3]2022-11-17 04:43:26>>.\resources\db\AppSchd.db_bk02を作成しました。
.\resources\db\AppSchd.db_bk01を削除しました。
[Thread3]2022-11-17 04:43:26>>.\resources\db\AppSchd.db_bk01を作成しました。
[Thread3]2022-11-17 04:43:37>>Schedule Loaded!
[Thread7]2022-11-17 04:43:38>>DBの圧縮を開始します。
[Thread7]2022-11-17 04:43:38>>DBバックアップ処理を開始します。
[Thread7]2022-11-17 04:43:38>>.\resources\db\AppSchd.db_bk03を削除しました。
[Thread7]2022-11-17 04:43:38>>.\resources\db\AppSchd.db_bk03を作成しました。
.\resources\db\AppSchd.db_bk02を削除しました。
[Thread7]2022-11-17 04:43:38>>.\resources\db\AppSchd.db_bk02を作成しました。
.\resources\db\AppSchd.db_bk01を削除しました。
[Thread7]2022-11-17 04:43:38>>.\resources\db\AppSchd.db_bk01を作成しました。
[Thread5]2022-11-17 04:43:38>>Bin Clicked!
[Thread5]2022-11-17 04:43:38>>Bin Loaded!
[Thread3]2022-11-17 04:43:43>>System.IndexOutOfRangeException: インデックスが配列の境界外です。
   場所 Bin.BinStorage.ThisApplicationLoad.DataLoad() 場所 E:\03.C#\01.AppSchd\AppSchd\Bin\BinStorage.cs:行 214
   場所 Bin.BinStorage.BinStorage_Load(Object sender, EventArgs e) 場所 E:\03.C#\01.AppSchd\AppSchd\Bin\BinStorage.cs:行 233
   場所 System.Windows.Forms.UserControl.OnLoad(EventArgs e)
   場所 System.Windows.Forms.Control.CreateControl(Boolean fIgnoreVisible)
   場所 System.Windows.Forms.Control.CreateControl()
   場所 System.Windows.Forms.Control.ControlCollection.Add(Control value)
   場所 Bin.BinBin.ThisApplicationLoad.CreateRecord(Label l, Panel p, String FunctionName) 場所 E:\03.C#\01.AppSchd\AppSchd\Bin\BinBin.cs:行 40
   場所 Bin.BinBin.BinBin_Load(Object sender, EventArgs e) 場所 E:\03.C#\01.AppSchd\AppSchd\Bin\BinBin.cs:行 47
   場所 System.Windows.Forms.UserControl.OnLoad(EventArgs e)
   場所 System.Windows.Forms.Control.CreateControl(Boolean fIgnoreVisible)
   場所 System.Windows.Forms.Control.CreateControl()
   場所 System.Windows.Forms.Control.ControlCollection.Add(Control value)
   場所 Bin.Bin.MainClassExec(Panel MainPanel) 場所 E:\03.C#\01.AppSchd\AppSchd\Bin\Bin.cs:行 47
   場所 System.Dynamic.UpdateDelegates.UpdateAndExecuteVoid2[T0,T1](CallSite site, T0 arg0, T1 arg1)
   場所 AppSchd.AppSchd.ThisApplicationSetup.CreateButton_LoadDll(Panel p, String FunctionName) 場所 E:\03.C#\01.AppSchd\AppSchd\AppSchd\AppSchd.cs:行 32
[Thread3]2022-11-17 04:44:08>>Schedule Loaded!
[Thread5]2022-11-17 04:44:09>>DBの圧縮を開始します。
[Thread5]2022-11-17 04:44:09>>DBバックアップ処理を開始します。
[Thread5]2022-11-17 04:44:09>>.\resources\db\AppSchd.db_bk03を削除しました。
[Thread5]2022-11-17 04:44:09>>.\resources\db\AppSchd.db_bk03を作成しました。
.\resources\db\AppSchd.db_bk02を削除しました。
[Thread5]2022-11-17 04:44:09>>.\resources\db\AppSchd.db_bk02を作成しました。
.\resources\db\AppSchd.db_bk01を削除しました。
[Thread5]2022-11-17 04:44:09>>.\resources\db\AppSchd.db_bk01を作成しました。
[Thread3]2022-11-17 04:44:09>>Bin Clicked!
[Thread3]2022-11-17 04:44:09>>Bin Loaded!
[Thread3]2022-11-17 04:44:36>>Schedule Loaded!
[Thread6]2022-11-17 04:44:37>>DBの圧縮を開始します。
[Thread6]2022-11-17 04:44:37>>DBバックアップ処理を開始します。
[Thread6]2022-11-17 04:44:37>>.\resources\db\AppSchd.db_bk03を削除しました。
[Thread6]2022-11-17 04:44:37>>.\resources\db\AppSchd.db_bk03を作成しました。
.\resources\db\AppSchd.db_bk02を削除しました。
[Thread6]2022-11-17 04:44:37>>.\resources\db\AppSchd.db_bk02を作成しました。
.\resources\db\AppSchd.db_bk01を削除しました。
[Thread6]2022-11-17 04:44:37>>.\resources\db\AppSchd.db_bk01を作成しました。
[Thread3]2022-11-17 04:44:37>>Bin Clicked!
[Thread3]2022-11-17 04:44:37>>Bin Loaded!
[Thread3]2022-11-17 04:44:39>>System.IndexOutOfRangeException: インデックスが配列の境界外です。
   場所 Bin.BinStorage.ThisApplicationLoad.DataLoad() 場所 E:\03.C#\01.AppSchd\AppSchd\Bin\BinStorage.cs:行 223
   場所 Bin.BinStorage.BinStorage_Load(Object sender, EventArgs e) 場所 E:\03.C#\01.AppSchd\AppSchd\Bin\BinStorage.cs:行 234
   場所 System.Windows.Forms.UserControl.OnLoad(EventArgs e)
   場所 System.Windows.Forms.Control.CreateControl(Boolean fIgnoreVisible)
   場所 System.Windows.Forms.Control.CreateControl()
   場所 System.Windows.Forms.Control.ControlCollection.Add(Control value)
   場所 Bin.BinBin.ThisApplicationLoad.CreateRecord(Label l, Panel p, String FunctionName) 場所 E:\03.C#\01.AppSchd\AppSchd\Bin\BinBin.cs:行 40
   場所 Bin.BinBin.BinBin_Load(Object sender, EventArgs e) 場所 E:\03.C#\01.AppSchd\AppSchd\Bin\BinBin.cs:行 47
   場所 System.Windows.Forms.UserControl.OnLoad(EventArgs e)
   場所 System.Windows.Forms.Control.CreateControl(Boolean fIgnoreVisible)
   場所 System.Windows.Forms.Control.CreateControl()
   場所 System.Windows.Forms.Control.ControlCollection.Add(Control value)
   場所 Bin.Bin.MainClassExec(Panel MainPanel) 場所 E:\03.C#\01.AppSchd\AppSchd\Bin\Bin.cs:行 47
   場所 System.Dynamic.UpdateDelegates.UpdateAndExecuteVoid2[T0,T1](CallSite site, T0 arg0, T1 arg1)
   場所 AppSchd.AppSchd.ThisApplicationSetup.CreateButton_LoadDll(Panel p, String FunctionName) 場所 E:\03.C#\01.AppSchd\AppSchd\AppSchd\AppSchd.cs:行 32
[Thread3]2022-11-17 04:44:48>>Schedule Loaded!
[Thread7]2022-11-17 04:44:48>>DBの圧縮を開始します。
[Thread7]2022-11-17 04:44:48>>DBバックアップ処理を開始します。
[Thread7]2022-11-17 04:44:48>>.\resources\db\AppSchd.db_bk03を削除しました。
[Thread7]2022-11-17 04:44:48>>.\resources\db\AppSchd.db_bk03を作成しました。
.\resources\db\AppSchd.db_bk02を削除しました。
[Thread7]2022-11-17 04:44:48>>.\resources\db\AppSchd.db_bk02を作成しました。
.\resources\db\AppSchd.db_bk01を削除しました。
[Thread7]2022-11-17 04:44:48>>.\resources\db\AppSchd.db_bk01を作成しました。
[Thread3]2022-11-17 04:44:49>>Bin Clicked!
[Thread3]2022-11-17 04:44:49>>Bin Loaded!
[Thread3]2022-11-17 04:44:50>>System.IndexOutOfRangeException: インデックスが配列の境界外です。
   場所 Bin.BinStorage.ThisApplicationLoad.DataLoad() 場所 E:\03.C#\01.AppSchd\AppSchd\Bin\BinStorage.cs:行 223
   場所 Bin.BinStorage.BinStorage_Load(Object sender, EventArgs e) 場所 E:\03.C#\01.AppSchd\AppSchd\Bin\BinStorage.cs:行 234
   場所 System.Windows.Forms.UserControl.OnLoad(EventArgs e)
   場所 System.Windows.Forms.Control.CreateControl(Boolean fIgnoreVisible)
   場所 System.Windows.Forms.Control.CreateControl()
   場所 System.Windows.Forms.Control.ControlCollection.Add(Control value)
   場所 Bin.BinBin.ThisApplicationLoad.CreateRecord(Label l, Panel p, String FunctionName) 場所 E:\03.C#\01.AppSchd\AppSchd\Bin\BinBin.cs:行 40
   場所 Bin.BinBin.BinBin_Load(Object sender, EventArgs e) 場所 E:\03.C#\01.AppSchd\AppSchd\Bin\BinBin.cs:行 47
   場所 System.Windows.Forms.UserControl.OnLoad(EventArgs e)
   場所 System.Windows.Forms.Control.CreateControl(Boolean fIgnoreVisible)
   場所 System.Windows.Forms.Control.CreateControl()
   場所 System.Windows.Forms.Control.ControlCollection.Add(Control value)
   場所 Bin.Bin.MainClassExec(Panel MainPanel) 場所 E:\03.C#\01.AppSchd\AppSchd\Bin\Bin.cs:行 47
   場所 System.Dynamic.UpdateDelegates.UpdateAndExecuteVoid2[T0,T1](CallSite site, T0 arg0, T1 arg1)
   場所 AppSchd.AppSchd.ThisApplicationSetup.CreateButton_LoadDll(Panel p, String FunctionName) 場所 E:\03.C#\01.AppSchd\AppSchd\AppSchd\AppSchd.cs:行 32
[Thread3]2022-11-17 04:45:18>>Schedule Loaded!
[Thread5]2022-11-17 04:45:19>>DBの圧縮を開始します。
[Thread5]2022-11-17 04:45:19>>DBバックアップ処理を開始します。
[Thread5]2022-11-17 04:45:19>>.\resources\db\AppSchd.db_bk03を削除しました。
[Thread5]2022-11-17 04:45:19>>.\resources\db\AppSchd.db_bk03を作成しました。
.\resources\db\AppSchd.db_bk02を削除しました。
[Thread5]2022-11-17 04:45:19>>.\resources\db\AppSchd.db_bk02を作成しました。
.\resources\db\AppSchd.db_bk01を削除しました。
[Thread5]2022-11-17 04:45:19>>.\resources\db\AppSchd.db_bk01を作成しました。
[Thread3]2022-11-17 04:45:20>>Bin Clicked!
[Thread3]2022-11-17 04:45:20>>Bin Loaded!
[Thread3]2022-11-17 04:45:37>>Schedule Loaded!
[Thread3]2022-11-17 04:45:38>>DBの圧縮を開始します。
[Thread3]2022-11-17 04:45:38>>DBバックアップ処理を開始します。
[Thread3]2022-11-17 04:45:38>>.\resources\db\AppSchd.db_bk03を削除しました。
[Thread3]2022-11-17 04:45:38>>.\resources\db\AppSchd.db_bk03を作成しました。
.\resources\db\AppSchd.db_bk02を削除しました。
[Thread3]2022-11-17 04:45:38>>.\resources\db\AppSchd.db_bk02を作成しました。
.\resources\db\AppSchd.db_bk01を削除しました。
[Thread3]2022-11-17 04:45:38>>.\resources\db\AppSchd.db_bk01を作成しました。
[Thread6]2022-11-17 04:45:38>>Analysis Clicked!
[Thread6]2022-11-17 04:45:38>>Analysis Loaded!
[Thread3]2022-11-17 04:57:51>>Schedule Loaded!
[Thread4]2022-11-17 04:57:52>>DBの圧縮を開始します。
[Thread4]2022-11-17 04:57:52>>DBバックアップ処理を開始します。
[Thread4]2022-11-17 04:57:52>>.\resources\db\AppSchd.db_bk03を削除しました。
[Thread4]2022-11-17 04:57:52>>.\resources\db\AppSchd.db_bk03を作成しました。
.\resources\db\AppSchd.db_bk02を削除しました。
[Thread4]2022-11-17 04:57:52>>.\resources\db\AppSchd.db_bk02を作成しました。
.\resources\db\AppSchd.db_bk01を削除しました。
[Thread4]2022-11-17 04:57:52>>.\resources\db\AppSchd.db_bk01を作成しました。
[Thread3]2022-11-17 04:57:55>>ToDo Clicked!
[Thread3]2022-11-17 04:57:55>>ToDo Loaded!
[Thread6]2022-11-17 04:58:00>>Schedule Clicked!
[Thread6]2022-11-17 04:58:00>>Schedule Loaded!
[Thread8]2022-11-17 04:58:01>>ToDo Clicked!
[Thread8]2022-11-17 04:58:01>>ToDo Loaded!
[Thread4]2022-11-17 04:58:02>>Schedule Clicked!
[Thread4]2022-11-17 04:58:02>>Schedule Loaded!
[Thread3]2022-11-17 04:58:04>>ToDo Clicked!
[Thread3]2022-11-17 04:58:04>>ToDo Loaded!
[Thread8]2022-11-17 04:58:05>>Record Clicked!
[Thread8]2022-11-17 04:58:05>>Record Loaded!
[Thread3]2022-11-17 04:58:08>>ToDo Clicked!
[Thread3]2022-11-17 04:58:08>>ToDo Loaded!
[Thread3]2022-11-17 04:58:08>>Schedule Clicked!
[Thread3]2022-11-17 04:58:08>>Schedule Loaded!
[Thread3]2022-11-17 04:58:14>>Record Clicked!
[Thread3]2022-11-17 04:58:14>>Record Loaded!
[Thread6]2022-11-17 04:58:17>>Schedule Clicked!
[Thread6]2022-11-17 04:58:17>>Schedule Loaded!
[Thread3]2022-11-17 04:58:22>>Bin Clicked!
[Thread3]2022-11-17 04:58:22>>Bin Loaded!
[Thread6]2022-11-17 04:58:25>>Schedule Clicked!
[Thread6]2022-11-17 04:58:25>>Schedule Loaded!
[Thread3]2022-11-17 05:11:27>>Schedule Loaded!
[Thread7]2022-11-17 05:11:28>>DBの圧縮を開始します。
[Thread7]2022-11-17 05:11:28>>DBバックアップ処理を開始します。
[Thread7]2022-11-17 05:11:28>>.\resources\db\AppSchd.db_bk03を削除しました。
[Thread7]2022-11-17 05:11:28>>.\resources\db\AppSchd.db_bk03を作成しました。
.\resources\db\AppSchd.db_bk02を削除しました。
[Thread7]2022-11-17 05:11:28>>.\resources\db\AppSchd.db_bk02を作成しました。
.\resources\db\AppSchd.db_bk01を削除しました。
[Thread7]2022-11-17 05:11:28>>.\resources\db\AppSchd.db_bk01を作成しました。
[Thread3]2022-11-17 05:11:29>>ToDo Clicked!
[Thread3]2022-11-17 05:11:29>>ToDo Loaded!
[Thread5]2022-11-17 05:11:30>>Schedule Clicked!
[Thread5]2022-11-17 05:11:30>>Schedule Loaded!
[Thread3]2022-11-17 05:17:47>>Schedule Loaded!
[Thread5]2022-11-17 05:17:48>>DBの圧縮を開始します。
[Thread5]2022-11-17 05:17:48>>DBバックアップ処理を開始します。
[Thread5]2022-11-17 05:17:48>>.\resources\db\AppSchd.db_bk03を削除しました。
[Thread5]2022-11-17 05:17:48>>.\resources\db\AppSchd.db_bk03を作成しました。
.\resources\db\AppSchd.db_bk02を削除しました。
[Thread5]2022-11-17 05:17:48>>.\resources\db\AppSchd.db_bk02を作成しました。
.\resources\db\AppSchd.db_bk01を削除しました。
[Thread5]2022-11-17 05:17:48>>.\resources\db\AppSchd.db_bk01を作成しました。
[Thread3]2022-11-17 05:17:49>>Bin Clicked!
[Thread3]2022-11-17 05:17:49>>Bin Loaded!
[Thread3]2022-11-17 05:17:54>>SQL logic error
no such table: T_REVIEW
[Thread3]2022-11-17 05:19:26>>Schedule Loaded!
[Thread4]2022-11-17 05:19:27>>DBの圧縮を開始します。
[Thread4]2022-11-17 05:19:27>>DBバックアップ処理を開始します。
[Thread4]2022-11-17 05:19:27>>.\resources\db\AppSchd.db_bk03を削除しました。
[Thread4]2022-11-17 05:19:27>>.\resources\db\AppSchd.db_bk03を作成しました。
.\resources\db\AppSchd.db_bk02を削除しました。
[Thread4]2022-11-17 05:19:27>>.\resources\db\AppSchd.db_bk02を作成しました。
.\resources\db\AppSchd.db_bk01を削除しました。
[Thread4]2022-11-17 05:19:27>>.\resources\db\AppSchd.db_bk01を作成しました。
[Thread6]2022-11-17 05:19:27>>Bin Clicked!
[Thread6]2022-11-17 05:19:27>>Bin Loaded!
[Thread3]2022-11-17 05:19:32>>SQL logic error
no such column: REVIEWID
[Thread3]2022-11-17 05:19:50>>Schedule Loaded!
[Thread4]2022-11-17 05:19:51>>DBの圧縮を開始します。
[Thread4]2022-11-17 05:19:51>>DBバックアップ処理を開始します。
[Thread4]2022-11-17 05:19:51>>.\resources\db\AppSchd.db_bk03を削除しました。
[Thread4]2022-11-17 05:19:51>>.\resources\db\AppSchd.db_bk03を作成しました。
.\resources\db\AppSchd.db_bk02を削除しました。
[Thread4]2022-11-17 05:19:51>>.\resources\db\AppSchd.db_bk02を作成しました。
.\resources\db\AppSchd.db_bk01を削除しました。
[Thread4]2022-11-17 05:19:51>>.\resources\db\AppSchd.db_bk01を作成しました。
[Thread6]2022-11-17 05:19:52>>Bin Clicked!
[Thread6]2022-11-17 05:19:52>>Bin Loaded!
