[Thread3]2022-11-18 07:15:16>>SQLCODE：SQLSchedule0004
SQL：SELECT SCHEDULEID,GOALNAME,PLANNAME,PRIORSUBNAME,PRIORNAME,STATUSNAME,strftime('%H:%M',SCHEDULESTARTTIME) AS SCHEDULESTARTTIME,strftime('%H:%M',SCHEDULEENDTIME) AS SCHEDULEENDTIME,SCHEDULEHOURS,SCHEDULELOCATION,SCHEDULEHEIGHT FROM T_SCHEDULE INNER JOIN T_PLAN USING(PLANID) INNER JOIN T_GOAL USING(GOALID) INNER JOIN T_STATUS USING(STATUSID) INNER JOIN T_PRIOR USING(PRIORID) LEFT OUTER JOIN(SELECT SCHEDULEID,'！' AS ALERTSTATUS FROM T_SCHEDULE WHERE STATUSID in (1,2) AND SCHEDULEENDTIME<datetime(strftime('%s', 'now'), 'unixepoch', 'localtime')) USING(SCHEDULEID) WHERE SCHEDULEVISIBLESTATUS=1 AND SCHEDULEDATE LIKE @SCHEDULEDATE ORDER BY SCHEDULEDATE DESC,SCHEDULESTARTTIME,SCHEDULEENDTIME
PARAMETER0：@SCHEDULEDATE
VALUE0：2022-11-18%
RESULT：**SUCCESS**
[Thread3]2022-11-18 07:15:16>>SQLCODE：SQLSchedule0000
SQL：SELECT SCHEDULEID,ALERTSTATUS,GOALNAME,PLANNAME,STATUSNAME,strftime('%Y-%m-%d', SCHEDULEDATE) AS SCHEDULEDATE,strftime('%H:%M',SCHEDULESTARTTIME) AS SCHEDULESTARTTIME,strftime('%H:%M',SCHEDULEENDTIME) AS SCHEDULEENDTIME,SCHEDULEHOURS,strftime('%Y-%m-%d',SCHEDULEUPDATEDATE) AS SCHEDULEUPDATEDATE FROM T_SCHEDULE INNER JOIN T_PLAN USING(PLANID) INNER JOIN T_GOAL USING(GOALID) INNER JOIN T_STATUS USING(STATUSID) INNER JOIN T_PRIOR USING(PRIORID) LEFT OUTER JOIN(SELECT SCHEDULEID,'！' AS ALERTSTATUS FROM T_SCHEDULE WHERE STATUSID in (1,2) AND SCHEDULEENDTIME<datetime(strftime('%s', 'now'), 'unixepoch', 'localtime')) USING(SCHEDULEID) WHERE SCHEDULEVISIBLESTATUS=1 AND SCHEDULEDATE LIKE @SCHEDULEDATE ORDER BY SCHEDULESTARTTIME LIMIT 70
PARAMETER0：@SCHEDULEDATE
VALUE0：2022-11-18%
RESULT：**SUCCESS**
[Thread3]2022-11-18 07:15:16>>SQLCODE：***Backup***
SQL：VACUUM
RESULT：**SUCCESS**
[Thread4]2022-11-18 07:15:18>>SQLCODE：SQLNote0000
SQL：SELECT NOTETITLEID,SOURCEID,KINDID,T_NOTETITLE.NOTEVERSION,NOTETITLE,NOTETEXT,strftime('%Y-%m-%d',NOTEDATE) AS NOTEDATE,ROWID,FIN FROM T_NOTETITLE INNER JOIN T_NOTETEXT USING (NOTETITLEID) WHERE T_NOTETITLE.NOTEVERSION = '0' AND NOTEDATE IN (SELECT NOTEDATE FROM T_NOTETITLE WHERE NOTEVERSION='0' GROUP BY strftime('%Y-%m-%d',NOTEDATE) HAVING NOTEDATE<=@NOTEDATE ORDER BY NOTEDATE DESC LIMIT 2) ORDER BY NOTEDATE ASC,NOTETITLEID,ROWID
PARAMETER0：@NOTEDATE
VALUE0：2022-11-18 23:59:59
RESULT：**SUCCESS**
[Thread3]2022-11-18 07:15:21>>SQLCODE：SQLNote0007
SQL：SELECT strftime('%Y-%m-%d',NOTEDATE) AS NOTEDATE,NOTETITLE,NOTETEXT,ROWID,FIN FROM T_NOTETITLE INNER JOIN T_NOTETEXT USING (NOTETITLEID) WHERE T_NOTETITLE.NOTEVERSION = 0 AND (SOURCEID=@NOTETITLEID OR NOTETITLEID=@NOTETITLEID) ORDER BY ROWID
PARAMETER0：@NOTETITLEID
VALUE0：1
RESULT：**SUCCESS**
[Thread3]2022-11-18 07:15:24>>SQLCODE：SQLNote0007
SQL：SELECT strftime('%Y-%m-%d',NOTEDATE) AS NOTEDATE,NOTETITLE,NOTETEXT,ROWID,FIN FROM T_NOTETITLE INNER JOIN T_NOTETEXT USING (NOTETITLEID) WHERE T_NOTETITLE.NOTEVERSION = 0 AND (SOURCEID=@NOTETITLEID OR NOTETITLEID=@NOTETITLEID) ORDER BY ROWID
PARAMETER0：@NOTETITLEID
VALUE0：1
RESULT：**SUCCESS**
[Thread3]2022-11-18 10:54:08>>SQLCODE：SQLSchedule0004
SQL：SELECT SCHEDULEID,GOALNAME,PLANNAME,PRIORSUBNAME,PRIORNAME,STATUSNAME,strftime('%H:%M',SCHEDULESTARTTIME) AS SCHEDULESTARTTIME,strftime('%H:%M',SCHEDULEENDTIME) AS SCHEDULEENDTIME,SCHEDULEHOURS,SCHEDULELOCATION,SCHEDULEHEIGHT FROM T_SCHEDULE INNER JOIN T_PLAN USING(PLANID) INNER JOIN T_GOAL USING(GOALID) INNER JOIN T_STATUS USING(STATUSID) INNER JOIN T_PRIOR USING(PRIORID) LEFT OUTER JOIN(SELECT SCHEDULEID,'！' AS ALERTSTATUS FROM T_SCHEDULE WHERE STATUSID in (1,2) AND SCHEDULEENDTIME<datetime(strftime('%s', 'now'), 'unixepoch', 'localtime')) USING(SCHEDULEID) WHERE SCHEDULEVISIBLESTATUS=1 AND SCHEDULEDATE LIKE @SCHEDULEDATE ORDER BY SCHEDULEDATE DESC,SCHEDULESTARTTIME,SCHEDULEENDTIME
PARAMETER0：@SCHEDULEDATE
VALUE0：2022-11-18%
RESULT：**SUCCESS**
[Thread3]2022-11-18 10:54:08>>SQLCODE：SQLSchedule0000
SQL：SELECT SCHEDULEID,ALERTSTATUS,GOALNAME,PLANNAME,STATUSNAME,strftime('%Y-%m-%d', SCHEDULEDATE) AS SCHEDULEDATE,strftime('%H:%M',SCHEDULESTARTTIME) AS SCHEDULESTARTTIME,strftime('%H:%M',SCHEDULEENDTIME) AS SCHEDULEENDTIME,SCHEDULEHOURS,strftime('%Y-%m-%d',SCHEDULEUPDATEDATE) AS SCHEDULEUPDATEDATE FROM T_SCHEDULE INNER JOIN T_PLAN USING(PLANID) INNER JOIN T_GOAL USING(GOALID) INNER JOIN T_STATUS USING(STATUSID) INNER JOIN T_PRIOR USING(PRIORID) LEFT OUTER JOIN(SELECT SCHEDULEID,'！' AS ALERTSTATUS FROM T_SCHEDULE WHERE STATUSID in (1,2) AND SCHEDULEENDTIME<datetime(strftime('%s', 'now'), 'unixepoch', 'localtime')) USING(SCHEDULEID) WHERE SCHEDULEVISIBLESTATUS=1 AND SCHEDULEDATE LIKE @SCHEDULEDATE ORDER BY SCHEDULESTARTTIME LIMIT 70
PARAMETER0：@SCHEDULEDATE
VALUE0：2022-11-18%
RESULT：**SUCCESS**
[Thread3]2022-11-18 10:54:08>>SQLCODE：***Backup***
SQL：VACUUM
RESULT：**SUCCESS**
[Thread3]2022-11-18 10:54:10>>SQLCODE：SQLNote0000
SQL：SELECT NOTETITLEID,SOURCEID,KINDID,T_NOTETITLE.NOTEVERSION,NOTETITLE,NOTETEXT,strftime('%Y-%m-%d',NOTEDATE) AS NOTEDATE,ROWID,FIN FROM T_NOTETITLE INNER JOIN T_NOTETEXT USING (NOTETITLEID) WHERE T_NOTETITLE.NOTEVERSION = '0' AND NOTEDATE IN (SELECT NOTEDATE FROM T_NOTETITLE WHERE NOTEVERSION='0' GROUP BY strftime('%Y-%m-%d',NOTEDATE) HAVING NOTEDATE<=@NOTEDATE ORDER BY NOTEDATE DESC LIMIT 2) ORDER BY NOTEDATE ASC,NOTETITLEID,ROWID
PARAMETER0：@NOTEDATE
VALUE0：2022-11-18 23:59:59
RESULT：**SUCCESS**
[Thread3]2022-11-18 10:54:15>>SQLCODE：SQLNote0001
SQL：SELECT NOTETITLEID,SOURCEID,KINDID,T_NOTETITLE.NOTEVERSION,NOTETITLE,NOTETEXT,strftime('%Y-%m-%d',NOTEDATE) AS NOTEDATE,ROWID,FIN FROM T_NOTETITLE INNER JOIN T_NOTETEXT USING (NOTETITLEID) WHERE NOTEDATE IN (SELECT NOTEDATE FROM T_NOTETITLE GROUP BY strftime('%Y-%m-%d',NOTEDATE) HAVING NOTEDATE<=@NOTEDATE ORDER BY NOTEDATE DESC LIMIT 2) ORDER BY NOTEDATE ASC,NOTETITLEID,ROWID
PARAMETER0：@NOTEDATE
VALUE0：2022-11-18 23:59:59
RESULT：**SUCCESS**
[Thread3]2022-11-18 10:55:19>>SQLCODE：SQLSchedule0004
SQL：SELECT SCHEDULEID,GOALNAME,PLANNAME,PRIORSUBNAME,PRIORNAME,STATUSNAME,strftime('%H:%M',SCHEDULESTARTTIME) AS SCHEDULESTARTTIME,strftime('%H:%M',SCHEDULEENDTIME) AS SCHEDULEENDTIME,SCHEDULEHOURS,SCHEDULELOCATION,SCHEDULEHEIGHT FROM T_SCHEDULE INNER JOIN T_PLAN USING(PLANID) INNER JOIN T_GOAL USING(GOALID) INNER JOIN T_STATUS USING(STATUSID) INNER JOIN T_PRIOR USING(PRIORID) LEFT OUTER JOIN(SELECT SCHEDULEID,'！' AS ALERTSTATUS FROM T_SCHEDULE WHERE STATUSID in (1,2) AND SCHEDULEENDTIME<datetime(strftime('%s', 'now'), 'unixepoch', 'localtime')) USING(SCHEDULEID) WHERE SCHEDULEVISIBLESTATUS=1 AND SCHEDULEDATE LIKE @SCHEDULEDATE ORDER BY SCHEDULEDATE DESC,SCHEDULESTARTTIME,SCHEDULEENDTIME
PARAMETER0：@SCHEDULEDATE
VALUE0：2022-11-18%
RESULT：**SUCCESS**
[Thread3]2022-11-18 10:55:19>>SQLCODE：SQLSchedule0000
SQL：SELECT SCHEDULEID,ALERTSTATUS,GOALNAME,PLANNAME,STATUSNAME,strftime('%Y-%m-%d', SCHEDULEDATE) AS SCHEDULEDATE,strftime('%H:%M',SCHEDULESTARTTIME) AS SCHEDULESTARTTIME,strftime('%H:%M',SCHEDULEENDTIME) AS SCHEDULEENDTIME,SCHEDULEHOURS,strftime('%Y-%m-%d',SCHEDULEUPDATEDATE) AS SCHEDULEUPDATEDATE FROM T_SCHEDULE INNER JOIN T_PLAN USING(PLANID) INNER JOIN T_GOAL USING(GOALID) INNER JOIN T_STATUS USING(STATUSID) INNER JOIN T_PRIOR USING(PRIORID) LEFT OUTER JOIN(SELECT SCHEDULEID,'！' AS ALERTSTATUS FROM T_SCHEDULE WHERE STATUSID in (1,2) AND SCHEDULEENDTIME<datetime(strftime('%s', 'now'), 'unixepoch', 'localtime')) USING(SCHEDULEID) WHERE SCHEDULEVISIBLESTATUS=1 AND SCHEDULEDATE LIKE @SCHEDULEDATE ORDER BY SCHEDULESTARTTIME LIMIT 70
PARAMETER0：@SCHEDULEDATE
VALUE0：2022-11-18%
RESULT：**SUCCESS**
[Thread3]2022-11-18 10:55:19>>SQLCODE：***Backup***
SQL：VACUUM
RESULT：**SUCCESS**
[Thread3]2022-11-18 10:55:21>>SQLCODE：SQLNote0000
SQL：SELECT NOTETITLEID,SOURCEID,KINDID,T_NOTETITLE.NOTEVERSION,NOTETITLE,NOTETEXT,strftime('%Y-%m-%d',NOTEDATE) AS NOTEDATE,ROWID,FIN FROM T_NOTETITLE INNER JOIN T_NOTETEXT USING (NOTETITLEID) WHERE T_NOTETITLE.NOTEVERSION = '0' AND NOTEDATE IN (SELECT NOTEDATE FROM T_NOTETITLE WHERE NOTEVERSION='0' GROUP BY strftime('%Y-%m-%d',NOTEDATE) HAVING NOTEDATE<=@NOTEDATE ORDER BY NOTEDATE DESC LIMIT 2) ORDER BY NOTEDATE ASC,NOTETITLEID,ROWID
PARAMETER0：@NOTEDATE
VALUE0：2022-11-18 23:59:59
RESULT：**SUCCESS**
[Thread3]2022-11-18 10:56:54>>SQLCODE：SQLSchedule0004
SQL：SELECT SCHEDULEID,GOALNAME,PLANNAME,PRIORSUBNAME,PRIORNAME,STATUSNAME,strftime('%H:%M',SCHEDULESTARTTIME) AS SCHEDULESTARTTIME,strftime('%H:%M',SCHEDULEENDTIME) AS SCHEDULEENDTIME,SCHEDULEHOURS,SCHEDULELOCATION,SCHEDULEHEIGHT FROM T_SCHEDULE INNER JOIN T_PLAN USING(PLANID) INNER JOIN T_GOAL USING(GOALID) INNER JOIN T_STATUS USING(STATUSID) INNER JOIN T_PRIOR USING(PRIORID) LEFT OUTER JOIN(SELECT SCHEDULEID,'！' AS ALERTSTATUS FROM T_SCHEDULE WHERE STATUSID in (1,2) AND SCHEDULEENDTIME<datetime(strftime('%s', 'now'), 'unixepoch', 'localtime')) USING(SCHEDULEID) WHERE SCHEDULEVISIBLESTATUS=1 AND SCHEDULEDATE LIKE @SCHEDULEDATE ORDER BY SCHEDULEDATE DESC,SCHEDULESTARTTIME,SCHEDULEENDTIME
PARAMETER0：@SCHEDULEDATE
VALUE0：2022-11-18%
RESULT：**SUCCESS**
[Thread3]2022-11-18 10:56:54>>SQLCODE：SQLSchedule0000
SQL：SELECT SCHEDULEID,ALERTSTATUS,GOALNAME,PLANNAME,STATUSNAME,strftime('%Y-%m-%d', SCHEDULEDATE) AS SCHEDULEDATE,strftime('%H:%M',SCHEDULESTARTTIME) AS SCHEDULESTARTTIME,strftime('%H:%M',SCHEDULEENDTIME) AS SCHEDULEENDTIME,SCHEDULEHOURS,strftime('%Y-%m-%d',SCHEDULEUPDATEDATE) AS SCHEDULEUPDATEDATE FROM T_SCHEDULE INNER JOIN T_PLAN USING(PLANID) INNER JOIN T_GOAL USING(GOALID) INNER JOIN T_STATUS USING(STATUSID) INNER JOIN T_PRIOR USING(PRIORID) LEFT OUTER JOIN(SELECT SCHEDULEID,'！' AS ALERTSTATUS FROM T_SCHEDULE WHERE STATUSID in (1,2) AND SCHEDULEENDTIME<datetime(strftime('%s', 'now'), 'unixepoch', 'localtime')) USING(SCHEDULEID) WHERE SCHEDULEVISIBLESTATUS=1 AND SCHEDULEDATE LIKE @SCHEDULEDATE ORDER BY SCHEDULESTARTTIME LIMIT 70
PARAMETER0：@SCHEDULEDATE
VALUE0：2022-11-18%
RESULT：**SUCCESS**
[Thread3]2022-11-18 10:56:54>>SQLCODE：***Backup***
SQL：VACUUM
RESULT：**SUCCESS**
[Thread3]2022-11-18 10:56:55>>SQLCODE：SQLNote0000
SQL：SELECT NOTETITLEID,SOURCEID,KINDID,'★最新' AS NOTEVERSION,NOTETITLE,NOTETEXT,strftime('%Y-%m-%d',NOTEDATE) AS NOTEDATE,ROWID,FIN FROM T_NOTETITLE INNER JOIN T_NOTETEXT USING (NOTETITLEID) WHERE T_NOTETITLE.NOTEVERSION = '0' AND NOTEDATE IN (SELECT NOTEDATE FROM T_NOTETITLE WHERE NOTEVERSION='0' GROUP BY strftime('%Y-%m-%d',NOTEDATE) HAVING NOTEDATE<=@NOTEDATE ORDER BY NOTEDATE DESC LIMIT 2) ORDER BY NOTEDATE ASC,NOTETITLEID,ROWID
PARAMETER0：@NOTEDATE
VALUE0：2022-11-18 23:59:59
RESULT：**SUCCESS**
[Thread3]2022-11-18 10:57:01>>SQLCODE：SQLNote0001
SQL：SELECT NOTETITLEID,SOURCEID,KINDID,CASE WHEN T_NOTETITLE.NOTEVERSION='0' THEN '★最新' ELSE T_NOTETITLE.NOTEVERSION END AS NOTEVERSION,NOTETITLE,NOTETEXT,strftime('%Y-%m-%d',NOTEDATE) AS NOTEDATE,ROWID,FIN FROM T_NOTETITLE INNER JOIN T_NOTETEXT USING (NOTETITLEID) WHERE NOTEDATE IN (SELECT NOTEDATE FROM T_NOTETITLE GROUP BY strftime('%Y-%m-%d',NOTEDATE) HAVING NOTEDATE<=@NOTEDATE ORDER BY NOTEDATE DESC LIMIT 2) ORDER BY NOTEDATE ASC,NOTETITLEID,ROWID
PARAMETER0：@NOTEDATE
VALUE0：2022-11-18 23:59:59
RESULT：**SUCCESS**
[Thread3]2022-11-18 10:57:59>>SQLCODE：SQLSchedule0004
SQL：SELECT SCHEDULEID,GOALNAME,PLANNAME,PRIORSUBNAME,PRIORNAME,STATUSNAME,strftime('%H:%M',SCHEDULESTARTTIME) AS SCHEDULESTARTTIME,strftime('%H:%M',SCHEDULEENDTIME) AS SCHEDULEENDTIME,SCHEDULEHOURS,SCHEDULELOCATION,SCHEDULEHEIGHT FROM T_SCHEDULE INNER JOIN T_PLAN USING(PLANID) INNER JOIN T_GOAL USING(GOALID) INNER JOIN T_STATUS USING(STATUSID) INNER JOIN T_PRIOR USING(PRIORID) LEFT OUTER JOIN(SELECT SCHEDULEID,'！' AS ALERTSTATUS FROM T_SCHEDULE WHERE STATUSID in (1,2) AND SCHEDULEENDTIME<datetime(strftime('%s', 'now'), 'unixepoch', 'localtime')) USING(SCHEDULEID) WHERE SCHEDULEVISIBLESTATUS=1 AND SCHEDULEDATE LIKE @SCHEDULEDATE ORDER BY SCHEDULEDATE DESC,SCHEDULESTARTTIME,SCHEDULEENDTIME
PARAMETER0：@SCHEDULEDATE
VALUE0：2022-11-18%
RESULT：**SUCCESS**
[Thread3]2022-11-18 10:57:59>>SQLCODE：SQLSchedule0000
SQL：SELECT SCHEDULEID,ALERTSTATUS,GOALNAME,PLANNAME,STATUSNAME,strftime('%Y-%m-%d', SCHEDULEDATE) AS SCHEDULEDATE,strftime('%H:%M',SCHEDULESTARTTIME) AS SCHEDULESTARTTIME,strftime('%H:%M',SCHEDULEENDTIME) AS SCHEDULEENDTIME,SCHEDULEHOURS,strftime('%Y-%m-%d',SCHEDULEUPDATEDATE) AS SCHEDULEUPDATEDATE FROM T_SCHEDULE INNER JOIN T_PLAN USING(PLANID) INNER JOIN T_GOAL USING(GOALID) INNER JOIN T_STATUS USING(STATUSID) INNER JOIN T_PRIOR USING(PRIORID) LEFT OUTER JOIN(SELECT SCHEDULEID,'！' AS ALERTSTATUS FROM T_SCHEDULE WHERE STATUSID in (1,2) AND SCHEDULEENDTIME<datetime(strftime('%s', 'now'), 'unixepoch', 'localtime')) USING(SCHEDULEID) WHERE SCHEDULEVISIBLESTATUS=1 AND SCHEDULEDATE LIKE @SCHEDULEDATE ORDER BY SCHEDULESTARTTIME LIMIT 70
PARAMETER0：@SCHEDULEDATE
VALUE0：2022-11-18%
RESULT：**SUCCESS**
[Thread3]2022-11-18 10:57:59>>SQLCODE：***Backup***
SQL：VACUUM
RESULT：**SUCCESS**
[Thread3]2022-11-18 10:58:01>>SQLCODE：SQLNote0000
SQL：SELECT NOTETITLEID,SOURCEID,KINDID,'★最新' AS NOTEVERSION,NOTETITLE,NOTETEXT,strftime('%Y-%m-%d',NOTEDATE) AS NOTEDATE,ROWID,FIN FROM T_NOTETITLE INNER JOIN T_NOTETEXT USING (NOTETITLEID) WHERE T_NOTETITLE.NOTEVERSION = '0' AND NOTEDATE IN (SELECT NOTEDATE FROM T_NOTETITLE WHERE NOTEVERSION='0' GROUP BY strftime('%Y-%m-%d',NOTEDATE) HAVING NOTEDATE<=@NOTEDATE ORDER BY NOTEDATE DESC LIMIT 2) ORDER BY NOTEDATE ASC,NOTETITLEID,ROWID
PARAMETER0：@NOTEDATE
VALUE0：2022-11-18 23:59:59
RESULT：**SUCCESS**
[Thread3]2022-11-18 10:58:21>>SQLCODE：SQLSchedule0004
SQL：SELECT SCHEDULEID,GOALNAME,PLANNAME,PRIORSUBNAME,PRIORNAME,STATUSNAME,strftime('%H:%M',SCHEDULESTARTTIME) AS SCHEDULESTARTTIME,strftime('%H:%M',SCHEDULEENDTIME) AS SCHEDULEENDTIME,SCHEDULEHOURS,SCHEDULELOCATION,SCHEDULEHEIGHT FROM T_SCHEDULE INNER JOIN T_PLAN USING(PLANID) INNER JOIN T_GOAL USING(GOALID) INNER JOIN T_STATUS USING(STATUSID) INNER JOIN T_PRIOR USING(PRIORID) LEFT OUTER JOIN(SELECT SCHEDULEID,'！' AS ALERTSTATUS FROM T_SCHEDULE WHERE STATUSID in (1,2) AND SCHEDULEENDTIME<datetime(strftime('%s', 'now'), 'unixepoch', 'localtime')) USING(SCHEDULEID) WHERE SCHEDULEVISIBLESTATUS=1 AND SCHEDULEDATE LIKE @SCHEDULEDATE ORDER BY SCHEDULEDATE DESC,SCHEDULESTARTTIME,SCHEDULEENDTIME
PARAMETER0：@SCHEDULEDATE
VALUE0：2022-11-18%
RESULT：**SUCCESS**
[Thread3]2022-11-18 10:58:21>>SQLCODE：SQLSchedule0000
SQL：SELECT SCHEDULEID,ALERTSTATUS,GOALNAME,PLANNAME,STATUSNAME,strftime('%Y-%m-%d', SCHEDULEDATE) AS SCHEDULEDATE,strftime('%H:%M',SCHEDULESTARTTIME) AS SCHEDULESTARTTIME,strftime('%H:%M',SCHEDULEENDTIME) AS SCHEDULEENDTIME,SCHEDULEHOURS,strftime('%Y-%m-%d',SCHEDULEUPDATEDATE) AS SCHEDULEUPDATEDATE FROM T_SCHEDULE INNER JOIN T_PLAN USING(PLANID) INNER JOIN T_GOAL USING(GOALID) INNER JOIN T_STATUS USING(STATUSID) INNER JOIN T_PRIOR USING(PRIORID) LEFT OUTER JOIN(SELECT SCHEDULEID,'！' AS ALERTSTATUS FROM T_SCHEDULE WHERE STATUSID in (1,2) AND SCHEDULEENDTIME<datetime(strftime('%s', 'now'), 'unixepoch', 'localtime')) USING(SCHEDULEID) WHERE SCHEDULEVISIBLESTATUS=1 AND SCHEDULEDATE LIKE @SCHEDULEDATE ORDER BY SCHEDULESTARTTIME LIMIT 70
PARAMETER0：@SCHEDULEDATE
VALUE0：2022-11-18%
RESULT：**SUCCESS**
[Thread3]2022-11-18 10:58:21>>SQLCODE：***Backup***
SQL：VACUUM
RESULT：**SUCCESS**
[Thread3]2022-11-18 10:58:23>>SQLCODE：SQLNote0000
SQL：SELECT NOTETITLEID,SOURCEID,KINDID,'★最新' AS NOTEVERSION,NOTETITLE,NOTETEXT,strftime('%Y-%m-%d',NOTEDATE) AS NOTEDATE,ROWID,FIN FROM T_NOTETITLE INNER JOIN T_NOTETEXT USING (NOTETITLEID) WHERE T_NOTETITLE.NOTEVERSION = '0' AND NOTEDATE IN (SELECT NOTEDATE FROM T_NOTETITLE WHERE NOTEVERSION='0' GROUP BY strftime('%Y-%m-%d',NOTEDATE) HAVING NOTEDATE<=@NOTEDATE ORDER BY NOTEDATE DESC LIMIT 2) ORDER BY NOTEDATE ASC,NOTETITLEID,ROWID
PARAMETER0：@NOTEDATE
VALUE0：2022-11-18 23:59:59
RESULT：**SUCCESS**
[Thread3]2022-11-18 10:58:24>>SQLCODE：SQLNote0007
SQL：SELECT strftime('%Y-%m-%d',NOTEDATE) AS NOTEDATE,NOTETITLE,NOTETEXT,ROWID,FIN FROM T_NOTETITLE INNER JOIN T_NOTETEXT USING (NOTETITLEID) WHERE T_NOTETITLE.NOTEVERSION = 0 AND (SOURCEID=@NOTETITLEID OR NOTETITLEID=@NOTETITLEID) ORDER BY ROWID
PARAMETER0：@NOTETITLEID
VALUE0：4
RESULT：**SUCCESS**
[Thread3]2022-11-18 10:58:28>>SQLCODE：SQLNote0001
SQL：SELECT NOTETITLEID,SOURCEID,KINDID,CASE WHEN T_NOTETITLE.NOTEVERSION='0' THEN '★最新' ELSE T_NOTETITLE.NOTEVERSION END AS NOTEVERSION,NOTETITLE,NOTETEXT,strftime('%Y-%m-%d',NOTEDATE) AS NOTEDATE,ROWID,FIN FROM T_NOTETITLE INNER JOIN T_NOTETEXT USING (NOTETITLEID) WHERE NOTEDATE IN (SELECT NOTEDATE FROM T_NOTETITLE GROUP BY strftime('%Y-%m-%d',NOTEDATE) HAVING NOTEDATE<=@NOTEDATE ORDER BY NOTEDATE DESC LIMIT 2) ORDER BY NOTEDATE ASC,NOTETITLEID,ROWID
PARAMETER0：@NOTEDATE
VALUE0：2022-11-18 23:59:59
RESULT：**SUCCESS**
[Thread3]2022-11-18 11:03:08>>SQLCODE：SQLSchedule0004
SQL：SELECT SCHEDULEID,GOALNAME,PLANNAME,PRIORSUBNAME,PRIORNAME,STATUSNAME,strftime('%H:%M',SCHEDULESTARTTIME) AS SCHEDULESTARTTIME,strftime('%H:%M',SCHEDULEENDTIME) AS SCHEDULEENDTIME,SCHEDULEHOURS,SCHEDULELOCATION,SCHEDULEHEIGHT FROM T_SCHEDULE INNER JOIN T_PLAN USING(PLANID) INNER JOIN T_GOAL USING(GOALID) INNER JOIN T_STATUS USING(STATUSID) INNER JOIN T_PRIOR USING(PRIORID) LEFT OUTER JOIN(SELECT SCHEDULEID,'！' AS ALERTSTATUS FROM T_SCHEDULE WHERE STATUSID in (1,2) AND SCHEDULEENDTIME<datetime(strftime('%s', 'now'), 'unixepoch', 'localtime')) USING(SCHEDULEID) WHERE SCHEDULEVISIBLESTATUS=1 AND SCHEDULEDATE LIKE @SCHEDULEDATE ORDER BY SCHEDULEDATE DESC,SCHEDULESTARTTIME,SCHEDULEENDTIME
PARAMETER0：@SCHEDULEDATE
VALUE0：2022-11-18%
RESULT：**SUCCESS**
[Thread3]2022-11-18 11:03:08>>SQLCODE：SQLSchedule0000
SQL：SELECT SCHEDULEID,ALERTSTATUS,GOALNAME,PLANNAME,STATUSNAME,strftime('%Y-%m-%d', SCHEDULEDATE) AS SCHEDULEDATE,strftime('%H:%M',SCHEDULESTARTTIME) AS SCHEDULESTARTTIME,strftime('%H:%M',SCHEDULEENDTIME) AS SCHEDULEENDTIME,SCHEDULEHOURS,strftime('%Y-%m-%d',SCHEDULEUPDATEDATE) AS SCHEDULEUPDATEDATE FROM T_SCHEDULE INNER JOIN T_PLAN USING(PLANID) INNER JOIN T_GOAL USING(GOALID) INNER JOIN T_STATUS USING(STATUSID) INNER JOIN T_PRIOR USING(PRIORID) LEFT OUTER JOIN(SELECT SCHEDULEID,'！' AS ALERTSTATUS FROM T_SCHEDULE WHERE STATUSID in (1,2) AND SCHEDULEENDTIME<datetime(strftime('%s', 'now'), 'unixepoch', 'localtime')) USING(SCHEDULEID) WHERE SCHEDULEVISIBLESTATUS=1 AND SCHEDULEDATE LIKE @SCHEDULEDATE ORDER BY SCHEDULESTARTTIME LIMIT 70
PARAMETER0：@SCHEDULEDATE
VALUE0：2022-11-18%
RESULT：**SUCCESS**
[Thread3]2022-11-18 11:03:08>>SQLCODE：***Backup***
SQL：VACUUM
RESULT：**SUCCESS**
[Thread4]2022-11-18 11:03:09>>SQLCODE：SQLNote0000
SQL：SELECT NOTETITLEID,SOURCEID,KINDID,'★最新' AS NOTEVERSION,NOTETITLE,NOTETEXT,strftime('%Y-%m-%d',NOTEDATE) AS NOTEDATE,ROWID,FIN FROM T_NOTETITLE INNER JOIN T_NOTETEXT USING (NOTETITLEID) WHERE T_NOTETITLE.NOTEVERSION = '0' AND NOTEDATE IN (SELECT NOTEDATE FROM T_NOTETITLE WHERE NOTEVERSION='0' GROUP BY strftime('%Y-%m-%d',NOTEDATE) HAVING NOTEDATE<=@NOTEDATE ORDER BY NOTEDATE DESC LIMIT 2) ORDER BY NOTEDATE ASC,NOTETITLEID,ROWID
PARAMETER0：@NOTEDATE
VALUE0：2022-11-18 23:59:59
RESULT：**SUCCESS**
[Thread3]2022-11-18 11:03:12>>SQLCODE：SQLNote0002
SQL：SELECT NOTETITLEID,SOURCEID,KINDID,'★最新' AS NOTEVERSION,CASE WHEN NOTETYPE='0' THEN '【ノート】' WHEN NOTETYPE='1' THEN '【履歴】' END AS NOTETYPE,NOTETITLE,NOTETEXT,strftime('%Y-%m-%d',NOTEDATE) AS NOTEDATE,ROWID,FIN FROM T_NOTETITLE INNER JOIN T_NOTETEXT USING (NOTETITLEID) WHERE T_NOTETITLE.NOTEVERSION = '0' ORDER BY NOTEDATE DESC,NOTETITLEID,ROWID LIMIT 100
RESULT：**SUCCESS**
[Thread3]2022-11-18 11:04:25>>SQLCODE：SQLSchedule0004
SQL：SELECT SCHEDULEID,GOALNAME,PLANNAME,PRIORSUBNAME,PRIORNAME,STATUSNAME,strftime('%H:%M',SCHEDULESTARTTIME) AS SCHEDULESTARTTIME,strftime('%H:%M',SCHEDULEENDTIME) AS SCHEDULEENDTIME,SCHEDULEHOURS,SCHEDULELOCATION,SCHEDULEHEIGHT FROM T_SCHEDULE INNER JOIN T_PLAN USING(PLANID) INNER JOIN T_GOAL USING(GOALID) INNER JOIN T_STATUS USING(STATUSID) INNER JOIN T_PRIOR USING(PRIORID) LEFT OUTER JOIN(SELECT SCHEDULEID,'！' AS ALERTSTATUS FROM T_SCHEDULE WHERE STATUSID in (1,2) AND SCHEDULEENDTIME<datetime(strftime('%s', 'now'), 'unixepoch', 'localtime')) USING(SCHEDULEID) WHERE SCHEDULEVISIBLESTATUS=1 AND SCHEDULEDATE LIKE @SCHEDULEDATE ORDER BY SCHEDULEDATE DESC,SCHEDULESTARTTIME,SCHEDULEENDTIME
PARAMETER0：@SCHEDULEDATE
VALUE0：2022-11-18%
RESULT：**SUCCESS**
[Thread3]2022-11-18 11:04:25>>SQLCODE：SQLSchedule0000
SQL：SELECT SCHEDULEID,ALERTSTATUS,GOALNAME,PLANNAME,STATUSNAME,strftime('%Y-%m-%d', SCHEDULEDATE) AS SCHEDULEDATE,strftime('%H:%M',SCHEDULESTARTTIME) AS SCHEDULESTARTTIME,strftime('%H:%M',SCHEDULEENDTIME) AS SCHEDULEENDTIME,SCHEDULEHOURS,strftime('%Y-%m-%d',SCHEDULEUPDATEDATE) AS SCHEDULEUPDATEDATE FROM T_SCHEDULE INNER JOIN T_PLAN USING(PLANID) INNER JOIN T_GOAL USING(GOALID) INNER JOIN T_STATUS USING(STATUSID) INNER JOIN T_PRIOR USING(PRIORID) LEFT OUTER JOIN(SELECT SCHEDULEID,'！' AS ALERTSTATUS FROM T_SCHEDULE WHERE STATUSID in (1,2) AND SCHEDULEENDTIME<datetime(strftime('%s', 'now'), 'unixepoch', 'localtime')) USING(SCHEDULEID) WHERE SCHEDULEVISIBLESTATUS=1 AND SCHEDULEDATE LIKE @SCHEDULEDATE ORDER BY SCHEDULESTARTTIME LIMIT 70
PARAMETER0：@SCHEDULEDATE
VALUE0：2022-11-18%
RESULT：**SUCCESS**
[Thread3]2022-11-18 11:04:25>>SQLCODE：***Backup***
SQL：VACUUM
RESULT：**SUCCESS**
[Thread4]2022-11-18 11:04:27>>SQLCODE：SQLNote0000
SQL：SELECT NOTETITLEID,SOURCEID,KINDID,'★最新' AS NOTEVERSION,NOTETITLE,NOTETEXT,strftime('%Y-%m-%d',NOTEDATE) AS NOTEDATE,ROWID,FIN FROM T_NOTETITLE INNER JOIN T_NOTETEXT USING (NOTETITLEID) WHERE T_NOTETITLE.NOTEVERSION = '0' AND NOTEDATE IN (SELECT NOTEDATE FROM T_NOTETITLE WHERE NOTEVERSION='0' GROUP BY strftime('%Y-%m-%d',NOTEDATE) HAVING NOTEDATE<=@NOTEDATE ORDER BY NOTEDATE DESC LIMIT 2) ORDER BY NOTEDATE ASC,NOTETITLEID,ROWID
PARAMETER0：@NOTEDATE
VALUE0：2022-11-18 23:59:59
RESULT：**SUCCESS**
[Thread3]2022-11-18 11:04:36>>SQLCODE：SQLNote0001
SQL：SELECT NOTETITLEID,SOURCEID,KINDID,CASE WHEN T_NOTETITLE.NOTEVERSION='0' THEN '★最新' ELSE T_NOTETITLE.NOTEVERSION END AS NOTEVERSION,NOTETITLE,NOTETEXT,strftime('%Y-%m-%d',NOTEDATE) AS NOTEDATE,ROWID,FIN FROM T_NOTETITLE INNER JOIN T_NOTETEXT USING (NOTETITLEID) WHERE NOTEDATE IN (SELECT NOTEDATE FROM T_NOTETITLE GROUP BY strftime('%Y-%m-%d',NOTEDATE) HAVING NOTEDATE<=@NOTEDATE ORDER BY NOTEDATE DESC LIMIT 2) ORDER BY NOTEDATE ASC,NOTETITLEID,ROWID
PARAMETER0：@NOTEDATE
VALUE0：2022-11-18 23:59:59
RESULT：**SUCCESS**
